[2019-09-08 10:15:21,453] [base.py:93] [base:get_response] [WARNING]- Not Found: /
[2019-09-08 10:15:21,454] [basehttp.py:124] [basehttp:log_message] [WARNING]- "GET / HTTP/1.1" 404 2024
[2019-09-08 10:15:21,512] [base.py:93] [base:get_response] [WARNING]- Not Found: /favicon.ico
[2019-09-08 10:15:21,513] [basehttp.py:124] [basehttp:log_message] [WARNING]- "GET /favicon.ico HTTP/1.1" 404 2075
[2019-09-08 10:15:25,743] [basehttp.py:124] [basehttp:log_message] [INFO]- "GET /app/index/ HTTP/1.1" 200 17700
[2019-09-08 10:15:25,771] [basehttp.py:124] [basehttp:log_message] [INFO]- "GET /static/zero.jpg HTTP/1.1" 304 0
[2019-09-08 10:15:29,051] [basehttp.py:124] [basehttp:log_message] [INFO]- "GET /app/person/ HTTP/1.1" 200 1863
[2019-09-08 10:15:29,062] [basehttp.py:124] [basehttp:log_message] [INFO]- "GET /static/two.jpg HTTP/1.1" 304 0
[2019-09-08 10:15:31,917] [basehttp.py:124] [basehttp:log_message] [INFO]- "GET /app/superadmin/ HTTP/1.1" 200 2518
[2019-09-08 10:15:31,937] [basehttp.py:124] [basehttp:log_message] [INFO]- "GET /static/one.jpg HTTP/1.1" 304 0
[2019-09-08 10:15:41,406] [basehttp.py:124] [basehttp:log_message] [INFO]- "GET /app/superadmin/user/ HTTP/1.1" 200 2096
[2019-09-08 10:15:43,364] [basehttp.py:124] [basehttp:log_message] [INFO]- "GET /app/superadmin/user/?p1=2 HTTP/1.1" 200 2096
[2019-09-08 10:15:44,365] [basehttp.py:124] [basehttp:log_message] [INFO]- "GET /app/superadmin/user/?p1=1 HTTP/1.1" 200 2096
[2019-09-08 10:15:44,896] [basehttp.py:124] [basehttp:log_message] [INFO]- "GET /app/superadmin/user/ HTTP/1.1" 200 2096
[2019-09-08 10:15:46,654] [basehttp.py:124] [basehttp:log_message] [INFO]- "GET /app/superadmin/ HTTP/1.1" 200 2518
[2019-09-08 10:15:47,580] [basehttp.py:124] [basehttp:log_message] [INFO]- "GET /app/superadmin/good/ HTTP/1.1" 200 120324
[2019-09-08 10:15:57,826] [basehttp.py:124] [basehttp:log_message] [INFO]- "GET /app/superadmin/good/?good=196 HTTP/1.1" 200 2447
[2019-09-08 10:16:00,825] [basehttp.py:124] [basehttp:log_message] [INFO]- "GET /app/superadmin/ HTTP/1.1" 200 2518
[2019-09-08 10:16:02,507] [basehttp.py:124] [basehttp:log_message] [INFO]- "GET /app/superadmin/good/ HTTP/1.1" 200 120324
[2019-09-08 10:16:03,651] [basehttp.py:124] [basehttp:log_message] [INFO]- "GET /app/superadmin/good/?good=196 HTTP/1.1" 200 2447
[2019-09-08 10:16:04,922] [basehttp.py:124] [basehttp:log_message] [INFO]- "GET /app/superadmin/good/ HTTP/1.1" 200 120324
[2019-09-08 10:32:43,648] [basehttp.py:124] [basehttp:log_message] [INFO]- "GET /app/superadmin/ HTTP/1.1" 200 2518
[2019-09-08 12:00:51,452] [basehttp.py:124] [basehttp:log_message] [INFO]- "GET /app/superadmin/good/ HTTP/1.1" 200 120084
[2019-09-08 12:00:52,589] [basehttp.py:124] [basehttp:log_message] [INFO]- "GET /app/superadmin/good/?good=196 HTTP/1.1" 200 2447
[2019-09-08 12:00:53,806] [basehttp.py:124] [basehttp:log_message] [INFO]- "POST /app/superadmin/good/?good=196 HTTP/1.1" 200 9
[2019-09-08 12:00:55,092] [basehttp.py:124] [basehttp:log_message] [INFO]- "GET /app/superadmin/good/?good=196 HTTP/1.1" 200 2447
[2019-09-08 12:12:41,156] [basehttp.py:124] [basehttp:log_message] [INFO]- "GET /app/superadmin/add_good/ HTTP/1.1" 200 1929
[2019-09-08 12:12:51,903] [basehttp.py:124] [basehttp:log_message] [INFO]- "GET /app/superadmin/good/ HTTP/1.1" 200 120084
[2019-09-08 12:12:53,986] [basehttp.py:124] [basehttp:log_message] [INFO]- "GET /app/superadmin/good/?good=196 HTTP/1.1" 200 2447
[2019-09-08 12:12:58,877] [exception.py:118] [exception:handle_uncaught_exception] [ERROR]- Internal Server Error: /app/superadmin/good/
Traceback (most recent call last):
  File "F:\64 python 36\lib\site-packages\django\core\handlers\exception.py", line 35, in inner
    response = get_response(request)
  File "F:\64 python 36\lib\site-packages\django\core\handlers\base.py", line 128, in _get_response
    response = self.process_exception_by_middleware(e, request)
  File "F:\64 python 36\lib\site-packages\django\core\handlers\base.py", line 126, in _get_response
    response = wrapped_callback(request, *callback_args, **callback_kwargs)
  File "F:\pycharm\store\app\views.py", line 162, in zyc
    return func(request)
  File "F:\pycharm\store\app\views.py", line 277, in super_root_good
    data = one_good(id)
UnboundLocalError: local variable 'id' referenced before assignment
[2019-09-08 12:12:59,065] [basehttp.py:124] [basehttp:log_message] [ERROR]- "POST /app/superadmin/good/?good=196 HTTP/1.1" 500 72862
[2019-09-08 12:13:26,794] [basehttp.py:124] [basehttp:log_message] [INFO]- "POST /app/superadmin/good/?good=196 HTTP/1.1" 200 2447
[2019-09-08 12:13:28,749] [basehttp.py:124] [basehttp:log_message] [INFO]- "POST /app/superadmin/good/?good=196 HTTP/1.1" 200 2461
[2019-09-08 12:13:30,548] [basehttp.py:124] [basehttp:log_message] [INFO]- "POST /app/superadmin/good/?good=196 HTTP/1.1" 200 2461
[2019-09-08 12:13:31,217] [basehttp.py:124] [basehttp:log_message] [INFO]- "POST /app/superadmin/good/?good=196 HTTP/1.1" 200 2461
[2019-09-08 12:13:31,845] [basehttp.py:124] [basehttp:log_message] [INFO]- "POST /app/superadmin/good/?good=196 HTTP/1.1" 200 2461
[2019-09-08 12:13:52,903] [basehttp.py:124] [basehttp:log_message] [INFO]- "POST /app/superadmin/good/?good=196 HTTP/1.1" 200 2492
[2019-09-08 12:15:07,476] [basehttp.py:124] [basehttp:log_message] [INFO]- "POST /app/superadmin/good/?good=196 HTTP/1.1" 200 1524
[2019-09-08 12:15:07,492] [base.py:93] [base:get_response] [WARNING]- Not Found: /app/superadmin/good/34.9
[2019-09-08 12:15:07,494] [basehttp.py:124] [basehttp:log_message] [WARNING]- "GET /app/superadmin/good/34.9 HTTP/1.1" 404 5924
[2019-09-08 12:15:17,364] [basehttp.py:124] [basehttp:log_message] [INFO]- "POST /app/superadmin/good/?good=196 HTTP/1.1" 200 1524
[2019-09-08 12:15:17,379] [base.py:93] [base:get_response] [WARNING]- Not Found: /app/superadmin/good/34.9
[2019-09-08 12:15:17,380] [basehttp.py:124] [basehttp:log_message] [WARNING]- "GET /app/superadmin/good/34.9 HTTP/1.1" 404 5924
[2019-09-08 12:16:22,452] [basehttp.py:124] [basehttp:log_message] [INFO]- "GET /app/superadmin/good/?good=3 HTTP/1.1" 200 1018
[2019-09-08 12:16:25,177] [basehttp.py:124] [basehttp:log_message] [INFO]- "GET /app/superadmin/good/?good=3 HTTP/1.1" 200 1018
[2019-09-08 12:16:48,873] [basehttp.py:124] [basehttp:log_message] [INFO]- "GET /app/superadmin/good/ HTTP/1.1" 200 100762
[2019-09-08 12:16:58,760] [basehttp.py:124] [basehttp:log_message] [INFO]- "GET /app/superadmin/good/ HTTP/1.1" 200 120085
[2019-09-08 12:20:26,841] [basehttp.py:124] [basehttp:log_message] [INFO]- "GET /app/superadmin/good/ HTTP/1.1" 200 120120
[2019-09-08 12:20:28,544] [basehttp.py:124] [basehttp:log_message] [INFO]- "GET /app/superadmin/good/?good=196 HTTP/1.1" 200 2497
[2019-09-08 12:20:35,660] [basehttp.py:124] [basehttp:log_message] [INFO]- "POST /app/superadmin/good/?good=196 HTTP/1.1" 200 2509
[2019-09-08 12:20:39,272] [basehttp.py:124] [basehttp:log_message] [INFO]- "POST /app/superadmin/good/?good=196 HTTP/1.1" 200 2509
[2019-09-08 12:20:44,417] [basehttp.py:124] [basehttp:log_message] [INFO]- "POST /app/superadmin/good/?good=196 HTTP/1.1" 200 2509
[2019-09-08 12:20:47,516] [basehttp.py:124] [basehttp:log_message] [INFO]- "POST /app/superadmin/good/?good=196 HTTP/1.1" 200 2509
[2019-09-08 12:20:51,079] [basehttp.py:124] [basehttp:log_message] [INFO]- "GET /app/superadmin/good/ HTTP/1.1" 200 120120
[2019-09-08 12:31:09,851] [basehttp.py:124] [basehttp:log_message] [INFO]- "GET /app/superadmin/good/ HTTP/1.1" 200 120120
[2019-09-08 12:33:32,324] [basehttp.py:124] [basehttp:log_message] [INFO]- "GET /app/superadmin/good/ HTTP/1.1" 200 120121
[2019-09-08 12:33:37,958] [basehttp.py:124] [basehttp:log_message] [INFO]- "GET /app/superadmin/good/ HTTP/1.1" 200 120112
[2019-09-08 12:36:33,239] [basehttp.py:124] [basehttp:log_message] [INFO]- "GET /app/superadmin/good/?good=195 HTTP/1.1" 200 2433
[2019-09-08 12:37:37,609] [basehttp.py:124] [basehttp:log_message] [INFO]- "GET /app/superadmin/good/ HTTP/1.1" 200 120259
[2019-09-08 12:38:01,800] [basehttp.py:124] [basehttp:log_message] [INFO]- "GET /app/superadmin/good/ HTTP/1.1" 200 120354
[2019-09-08 12:38:13,489] [basehttp.py:124] [basehttp:log_message] [INFO]- "GET /app/superadmin/good/ HTTP/1.1" 200 120366
[2019-09-08 12:40:10,725] [basehttp.py:124] [basehttp:log_message] [INFO]- "GET /app/superadmin/good/ HTTP/1.1" 200 120366
[2019-09-08 12:40:12,234] [exception.py:118] [exception:handle_uncaught_exception] [ERROR]- Internal Server Error: /app/superadmin/good/
Traceback (most recent call last):
  File "F:\64 python 36\lib\site-packages\django\core\handlers\exception.py", line 35, in inner
    response = get_response(request)
  File "F:\64 python 36\lib\site-packages\django\core\handlers\base.py", line 128, in _get_response
    response = self.process_exception_by_middleware(e, request)
  File "F:\64 python 36\lib\site-packages\django\core\handlers\base.py", line 126, in _get_response
    response = wrapped_callback(request, *callback_args, **callback_kwargs)
  File "F:\pycharm\store\app\views.py", line 162, in zyc
    return func(request)
  File "F:\pycharm\store\app\views.py", line 272, in super_root_good
    data=goods_show_by_sales()
  File "F:\pycharm\store\app\function.py", line 122, in goods_show_by_sales
    cursor.execute("select goods_name,goods_price,,goods_img,goods_sales,goods_id from goods ORDER BY goods_sales DESC")
  File "F:\64 python 36\lib\site-packages\pymysql\cursors.py", line 165, in execute
    result = self._query(query)
  File "F:\64 python 36\lib\site-packages\pymysql\cursors.py", line 321, in _query
    conn.query(q)
  File "F:\64 python 36\lib\site-packages\pymysql\connections.py", line 860, in query
    self._affected_rows = self._read_query_result(unbuffered=unbuffered)
  File "F:\64 python 36\lib\site-packages\pymysql\connections.py", line 1061, in _read_query_result
    result.read()
  File "F:\64 python 36\lib\site-packages\pymysql\connections.py", line 1349, in read
    first_packet = self.connection._read_packet()
  File "F:\64 python 36\lib\site-packages\pymysql\connections.py", line 1018, in _read_packet
    packet.check_error()
  File "F:\64 python 36\lib\site-packages\pymysql\connections.py", line 384, in check_error
    err.raise_mysql_exception(self._data)
  File "F:\64 python 36\lib\site-packages\pymysql\err.py", line 107, in raise_mysql_exception
    raise errorclass(errno, errval)
pymysql.err.ProgrammingError: (1064, "You have an error in your SQL syntax; check the manual that corresponds to your MySQL server version for the right syntax to use near 'goods_img,goods_sales,goods_id from goods ORDER BY goods_sales DESC' at line 1")
[2019-09-08 12:40:12,339] [basehttp.py:124] [basehttp:log_message] [ERROR]- "GET /app/superadmin/good/?p1=1 HTTP/1.1" 500 108182
[2019-09-08 12:41:10,794] [basehttp.py:124] [basehttp:log_message] [INFO]- "GET /app/superadmin/good/?p1=1 HTTP/1.1" 200 120366
[2019-09-08 12:41:23,456] [basehttp.py:124] [basehttp:log_message] [INFO]- "GET /app/superadmin/good/?p1=2 HTTP/1.1" 200 120366
[2019-09-08 12:41:27,985] [basehttp.py:124] [basehttp:log_message] [INFO]- "GET /app/superadmin/good/ HTTP/1.1" 200 120366
[2019-09-08 12:41:29,630] [basehttp.py:124] [basehttp:log_message] [INFO]- "GET /app/superadmin/good/?p1=2 HTTP/1.1" 200 120366
[2019-09-08 12:41:32,402] [basehttp.py:124] [basehttp:log_message] [INFO]- "GET /app/superadmin/ HTTP/1.1" 200 2518
[2019-09-08 12:42:10,009] [basehttp.py:124] [basehttp:log_message] [INFO]- "GET /app/superadmin/user/ HTTP/1.1" 200 2096
[2019-09-08 12:42:50,031] [basehttp.py:124] [basehttp:log_message] [INFO]- "GET /app/superadmin/ HTTP/1.1" 200 2518
[2019-09-08 12:42:51,052] [basehttp.py:124] [basehttp:log_message] [INFO]- "GET /app/person/ HTTP/1.1" 200 1863
[2019-09-08 12:42:53,540] [basehttp.py:124] [basehttp:log_message] [INFO]- "GET /app/index/ HTTP/1.1" 200 17700
[2019-09-08 12:44:38,843] [basehttp.py:124] [basehttp:log_message] [INFO]- "GET /app/index/?pindex=12 HTTP/1.1" 200 11861
[2019-09-08 12:44:41,148] [basehttp.py:124] [basehttp:log_message] [INFO]- "GET /app/index/?pindex=11 HTTP/1.1" 200 18018
[2019-09-08 12:44:43,238] [basehttp.py:124] [basehttp:log_message] [INFO]- "GET /app/index/?pindex=12 HTTP/1.1" 200 11861
[2019-09-08 12:44:47,675] [basehttp.py:124] [basehttp:log_message] [INFO]- "GET /app/goods_info/?id=435 HTTP/1.1" 200 4216
[2019-09-08 12:44:47,687] [basehttp.py:124] [basehttp:log_message] [INFO]- "GET /static/six.jpg HTTP/1.1" 304 0
[2019-09-08 12:44:52,004] [basehttp.py:124] [basehttp:log_message] [INFO]- "GET /app/goods_info/?id=435 HTTP/1.1" 200 4216
[2019-09-08 12:44:54,269] [basehttp.py:124] [basehttp:log_message] [INFO]- "GET /app/goods_talk/?p1=435 HTTP/1.1" 200 2864
[2019-09-08 12:44:54,282] [basehttp.py:124] [basehttp:log_message] [INFO]- "GET /static/7.jpg HTTP/1.1" 304 0
[2019-09-08 12:44:55,441] [basehttp.py:124] [basehttp:log_message] [INFO]- "GET /app/goods_info/?id=435 HTTP/1.1" 200 4216
[2019-09-08 12:44:59,271] [basehttp.py:124] [basehttp:log_message] [INFO]- "GET /app/goods_talk/?p1=435 HTTP/1.1" 200 2864
[2019-09-08 12:45:01,088] [basehttp.py:124] [basehttp:log_message] [INFO]- "GET /app/index/ HTTP/1.1" 200 17700
[2019-09-08 12:45:01,830] [basehttp.py:124] [basehttp:log_message] [INFO]- "GET /app/goods_info/?id=196 HTTP/1.1" 200 4922
[2019-09-08 12:45:02,966] [basehttp.py:124] [basehttp:log_message] [INFO]- "GET /app/goods_talk/?p1=196 HTTP/1.1" 200 4860
[2019-09-08 12:45:04,630] [basehttp.py:124] [basehttp:log_message] [INFO]- "GET /app/index/ HTTP/1.1" 200 17700
[2019-09-08 12:45:05,415] [basehttp.py:124] [basehttp:log_message] [INFO]- "GET /app/goods_info/?id=197 HTTP/1.1" 200 4690
[2019-09-08 12:45:06,211] [basehttp.py:124] [basehttp:log_message] [INFO]- "GET /app/goods_talk/?p1=197 HTTP/1.1" 200 3535
[2019-09-08 12:45:07,461] [basehttp.py:124] [basehttp:log_message] [INFO]- "GET /app/index/ HTTP/1.1" 200 17700
[2019-09-08 12:45:10,037] [basehttp.py:124] [basehttp:log_message] [INFO]- "GET /app/index/?pindex=12 HTTP/1.1" 200 11861
[2019-09-08 12:45:11,354] [basehttp.py:124] [basehttp:log_message] [INFO]- "GET /app/goods_info/?id=435 HTTP/1.1" 200 4216
[2019-09-08 12:47:06,451] [basehttp.py:124] [basehttp:log_message] [INFO]- "GET /app/goods_info/?id=435 HTTP/1.1" 200 4216
[2019-09-08 12:47:08,102] [basehttp.py:124] [basehttp:log_message] [INFO]- "GET /app/goods_info/?id=435 HTTP/1.1" 200 4216
[2019-09-08 12:47:08,700] [basehttp.py:124] [basehttp:log_message] [INFO]- "GET /app/goods_talk/?p1=435 HTTP/1.1" 200 2864
[2019-09-08 12:47:09,592] [basehttp.py:124] [basehttp:log_message] [INFO]- "GET /app/goods_info/?id=435 HTTP/1.1" 200 4216
[2019-09-08 12:47:10,766] [basehttp.py:124] [basehttp:log_message] [INFO]- "GET /app/index/ HTTP/1.1" 200 17700
[2019-09-08 12:47:11,503] [basehttp.py:124] [basehttp:log_message] [INFO]- "GET /app/goods_info/?id=195 HTTP/1.1" 200 4679
[2019-09-08 12:47:12,407] [basehttp.py:124] [basehttp:log_message] [INFO]- "GET /app/index/ HTTP/1.1" 200 17700
[2019-09-08 12:47:15,080] [basehttp.py:124] [basehttp:log_message] [INFO]- "GET /app/index/?pindex=12 HTTP/1.1" 200 11861
[2019-09-08 12:47:16,465] [basehttp.py:124] [basehttp:log_message] [INFO]- "GET /app/goods_info/?id=435 HTTP/1.1" 200 4216
[2019-09-08 12:49:06,489] [basehttp.py:124] [basehttp:log_message] [INFO]- "GET /app/goods_info/?id=435 HTTP/1.1" 200 4216
[2019-09-08 12:49:07,336] [basehttp.py:124] [basehttp:log_message] [INFO]- "GET /app/goods_info/?id=435 HTTP/1.1" 200 4216
[2019-09-08 12:49:07,670] [basehttp.py:124] [basehttp:log_message] [INFO]- "GET /app/goods_info/?id=435 HTTP/1.1" 200 4216
[2019-09-08 12:49:07,875] [basehttp.py:124] [basehttp:log_message] [INFO]- "GET /app/goods_info/?id=435 HTTP/1.1" 200 4216
[2019-09-08 12:49:08,070] [basehttp.py:124] [basehttp:log_message] [INFO]- "GET /app/goods_info/?id=435 HTTP/1.1" 200 4216
[2019-09-08 12:49:08,334] [basehttp.py:124] [basehttp:log_message] [INFO]- "GET /app/goods_info/?id=435 HTTP/1.1" 200 4216
[2019-09-08 12:49:22,362] [basehttp.py:124] [basehttp:log_message] [INFO]- "GET /app/goods_info/?id=435 HTTP/1.1" 200 4216
[2019-09-08 12:49:27,632] [basehttp.py:124] [basehttp:log_message] [INFO]- "GET /app/goods_info/?id=435 HTTP/1.1" 200 4216
[2019-09-08 12:50:25,069] [basehttp.py:124] [basehttp:log_message] [INFO]- "GET /app/index/ HTTP/1.1" 200 17700
[2019-09-08 12:50:25,119] [basehttp.py:124] [basehttp:log_message] [ERROR]- "GET /app/index/ HTTP/1.1" 500 59
[2019-09-08 12:50:25,900] [basehttp.py:124] [basehttp:log_message] [INFO]- "GET /app/index/ HTTP/1.1" 200 17700
[2019-09-08 12:57:47,767] [basehttp.py:124] [basehttp:log_message] [INFO]- "GET /app/shoppingcar/ HTTP/1.1" 200 2561
[2019-09-08 12:57:50,717] [basehttp.py:124] [basehttp:log_message] [INFO]- "GET /app/index/ HTTP/1.1" 200 17700
[2019-09-08 12:57:51,697] [basehttp.py:124] [basehttp:log_message] [INFO]- "GET /app/sort/?p1=5 HTTP/1.1" 200 14425
[2019-09-08 12:57:52,248] [basehttp.py:124] [basehttp:log_message] [INFO]- "GET /app/goods_info/?id=215 HTTP/1.1" 200 4673
[2019-09-08 12:57:54,477] [basehttp.py:124] [basehttp:log_message] [INFO]- "POST /app/goods_info/?id=215 HTTP/1.1" 200 4694
[2019-09-08 12:57:55,470] [basehttp.py:124] [basehttp:log_message] [INFO]- "GET /app/shoppingcar/ HTTP/1.1" 200 3798
[2019-09-08 12:57:55,483] [basehttp.py:124] [basehttp:log_message] [INFO]- "GET /static/five.jpg HTTP/1.1" 304 0
[2019-09-08 12:58:04,016] [basehttp.py:124] [basehttp:log_message] [INFO]- "GET /app/shoppingcar/ HTTP/1.1" 200 3794
[2019-09-08 12:58:12,863] [basehttp.py:124] [basehttp:log_message] [INFO]- "GET /app/shoppingcar/ HTTP/1.1" 200 3790
[2019-09-08 12:58:17,967] [basehttp.py:124] [basehttp:log_message] [INFO]- "GET /app/order/?number=2 HTTP/1.1" 200 5840
[2019-09-08 12:58:27,630] [basehttp.py:124] [basehttp:log_message] [INFO]- "POST /app/order/?number=2 HTTP/1.1" 200 5864
[2019-09-08 13:01:28,538] [basehttp.py:124] [basehttp:log_message] [INFO]- "POST /app/order/?number=2 HTTP/1.1" 200 5864
[2019-09-08 13:01:45,146] [basehttp.py:124] [basehttp:log_message] [INFO]- "GET /app/order/?number=2 HTTP/1.1" 200 5840
[2019-09-08 13:02:19,938] [basehttp.py:124] [basehttp:log_message] [INFO]- "GET /app/order/?number=2 HTTP/1.1" 200 5840
[2019-09-08 13:03:06,582] [basehttp.py:124] [basehttp:log_message] [INFO]- "GET /app/order/?number=2 HTTP/1.1" 200 5840
[2019-09-08 13:03:13,690] [basehttp.py:124] [basehttp:log_message] [INFO]- "GET /app/order/?number=2 HTTP/1.1" 200 5840
[2019-09-08 13:03:16,202] [basehttp.py:124] [basehttp:log_message] [INFO]- "GET /app/index/ HTTP/1.1" 200 17700
[2019-09-08 13:03:17,329] [basehttp.py:124] [basehttp:log_message] [INFO]- "GET /app/shoppingcar/ HTTP/1.1" 200 3790
[2019-09-08 13:03:18,302] [basehttp.py:124] [basehttp:log_message] [INFO]- "GET /app/order/?number=2 HTTP/1.1" 200 5840
[2019-09-08 13:04:13,458] [basehttp.py:124] [basehttp:log_message] [INFO]- "GET /app/order/?number=2 HTTP/1.1" 200 5937
[2019-09-08 13:04:48,213] [basehttp.py:124] [basehttp:log_message] [INFO]- "GET /app/order/?number=2 HTTP/1.1" 200 5937
[2019-09-08 13:04:52,552] [basehttp.py:124] [basehttp:log_message] [INFO]- "GET /app/order/?number=2 HTTP/1.1" 200 5937
[2019-09-08 13:08:04,981] [exception.py:118] [exception:handle_uncaught_exception] [ERROR]- Internal Server Error: /app/order/
Traceback (most recent call last):
  File "F:\64 python 36\lib\site-packages\django\core\handlers\exception.py", line 35, in inner
    response = get_response(request)
  File "F:\64 python 36\lib\site-packages\django\core\handlers\base.py", line 128, in _get_response
    response = self.process_exception_by_middleware(e, request)
  File "F:\64 python 36\lib\site-packages\django\core\handlers\base.py", line 126, in _get_response
    response = wrapped_callback(request, *callback_args, **callback_kwargs)
  File "F:\pycharm\store\app\views.py", line 15, in zyc
    return func(request)
  File "F:\pycharm\store\app\views.py", line 485, in car_order
    delete_one_shoppincar(order_number)
  File "F:\pycharm\store\app\function.py", line 227, in delete_one_shoppincar
    cursor.execute("delete from shoppincar where shoppingcar_id=%s" % shoppingcar_id)
  File "F:\64 python 36\lib\site-packages\pymysql\cursors.py", line 165, in execute
    result = self._query(query)
  File "F:\64 python 36\lib\site-packages\pymysql\cursors.py", line 321, in _query
    conn.query(q)
  File "F:\64 python 36\lib\site-packages\pymysql\connections.py", line 860, in query
    self._affected_rows = self._read_query_result(unbuffered=unbuffered)
  File "F:\64 python 36\lib\site-packages\pymysql\connections.py", line 1061, in _read_query_result
    result.read()
  File "F:\64 python 36\lib\site-packages\pymysql\connections.py", line 1349, in read
    first_packet = self.connection._read_packet()
  File "F:\64 python 36\lib\site-packages\pymysql\connections.py", line 1018, in _read_packet
    packet.check_error()
  File "F:\64 python 36\lib\site-packages\pymysql\connections.py", line 384, in check_error
    err.raise_mysql_exception(self._data)
  File "F:\64 python 36\lib\site-packages\pymysql\err.py", line 107, in raise_mysql_exception
    raise errorclass(errno, errval)
pymysql.err.ProgrammingError: (1146, "Table 'bookstore.shoppincar' doesn't exist")
[2019-09-08 13:08:05,036] [basehttp.py:124] [basehttp:log_message] [ERROR]- "POST /app/order/?number=2 HTTP/1.1" 500 107858
[2019-09-08 13:08:27,023] [basehttp.py:124] [basehttp:log_message] [INFO]- "GET /app/order/?number=2 HTTP/1.1" 200 5937
[2019-09-08 13:08:28,769] [basehttp.py:124] [basehttp:log_message] [INFO]- "POST /app/order/?number=2 HTTP/1.1" 302 0
[2019-09-08 13:08:28,813] [basehttp.py:124] [basehttp:log_message] [INFO]- "GET /app/shoppingcar/ HTTP/1.1" 200 2561
[2019-09-08 13:08:58,729] [basehttp.py:124] [basehttp:log_message] [INFO]- "GET /app/person/ HTTP/1.1" 200 1863
[2019-09-08 13:09:01,407] [basehttp.py:124] [basehttp:log_message] [INFO]- "GET /app/index/ HTTP/1.1" 200 17700
[2019-09-08 13:09:02,760] [basehttp.py:124] [basehttp:log_message] [INFO]- "GET /app/sort/?p1=6 HTTP/1.1" 200 15909
[2019-09-08 13:09:03,566] [basehttp.py:124] [basehttp:log_message] [INFO]- "GET /app/goods_info/?id=197 HTTP/1.1" 200 4690
[2019-09-08 13:09:05,419] [basehttp.py:124] [basehttp:log_message] [INFO]- "POST /app/goods_info/?id=197 HTTP/1.1" 200 4711
[2019-09-08 13:09:06,493] [basehttp.py:124] [basehttp:log_message] [INFO]- "GET /app/shoppingcar/ HTTP/1.1" 200 3780
[2019-09-08 13:09:10,645] [basehttp.py:124] [basehttp:log_message] [INFO]- "GET /app/person/ HTTP/1.1" 200 1863
[2019-09-08 13:09:11,580] [basehttp.py:124] [basehttp:log_message] [INFO]- "GET /app/nologin/ HTTP/1.1" 302 0
[2019-09-08 13:09:11,590] [basehttp.py:124] [basehttp:log_message] [INFO]- "GET /app/login/ HTTP/1.1" 200 1638
[2019-09-08 13:09:15,158] [basehttp.py:124] [basehttp:log_message] [INFO]- "POST /app/login/ HTTP/1.1" 302 0
[2019-09-08 13:09:15,217] [basehttp.py:124] [basehttp:log_message] [INFO]- "GET /app/index/ HTTP/1.1" 200 17699
[2019-09-08 13:09:16,903] [basehttp.py:124] [basehttp:log_message] [INFO]- "GET /app/shoppingcar/ HTTP/1.1" 200 2560
[2019-09-08 13:09:18,911] [basehttp.py:124] [basehttp:log_message] [INFO]- "GET /app/person/ HTTP/1.1" 200 1764
[2019-09-08 13:09:20,419] [basehttp.py:124] [basehttp:log_message] [INFO]- "GET /app/index/ HTTP/1.1" 200 17699
[2019-09-08 13:09:24,618] [basehttp.py:124] [basehttp:log_message] [INFO]- "GET /app/sort/?p1=2 HTTP/1.1" 200 16058
[2019-09-08 13:09:25,344] [basehttp.py:124] [basehttp:log_message] [INFO]- "GET /app/goods_info/?id=257 HTTP/1.1" 200 4714
[2019-09-08 13:09:28,340] [basehttp.py:124] [basehttp:log_message] [INFO]- "POST /app/goods_info/?id=257 HTTP/1.1" 200 4735
[2019-09-08 13:09:29,262] [basehttp.py:124] [basehttp:log_message] [INFO]- "GET /app/shoppingcar/ HTTP/1.1" 200 3793
[2019-09-08 13:09:31,403] [basehttp.py:124] [basehttp:log_message] [INFO]- "GET /app/person/ HTTP/1.1" 200 1764
[2019-09-08 13:09:33,579] [basehttp.py:124] [basehttp:log_message] [INFO]- "GET /app/nologin/ HTTP/1.1" 302 0
[2019-09-08 13:09:33,589] [basehttp.py:124] [basehttp:log_message] [INFO]- "GET /app/login/ HTTP/1.1" 200 1638
[2019-09-08 13:09:37,726] [basehttp.py:124] [basehttp:log_message] [INFO]- "POST /app/login/ HTTP/1.1" 302 0
[2019-09-08 13:09:37,852] [basehttp.py:124] [basehttp:log_message] [INFO]- "GET /app/index/ HTTP/1.1" 200 17742
[2019-09-08 13:09:39,956] [exception.py:118] [exception:handle_uncaught_exception] [ERROR]- Internal Server Error: /app/shoppingcar/
Traceback (most recent call last):
  File "F:\64 python 36\lib\site-packages\django\core\handlers\exception.py", line 35, in inner
    response = get_response(request)
  File "F:\64 python 36\lib\site-packages\django\core\handlers\base.py", line 128, in _get_response
    response = self.process_exception_by_middleware(e, request)
  File "F:\64 python 36\lib\site-packages\django\core\handlers\base.py", line 126, in _get_response
    response = wrapped_callback(request, *callback_args, **callback_kwargs)
  File "F:\pycharm\store\app\views.py", line 15, in zyc
    return func(request)
  File "F:\pycharm\store\app\views.py", line 381, in shoppingcar
    return render(request,'shoppingcar.html',context={'key':li,'user_name':user_name,'sum':"%.2f"%sum,'sum1':"%.2f"%sum1,'key2':choice})
UnboundLocalError: local variable 'sum1' referenced before assignment
[2019-09-08 13:09:39,998] [basehttp.py:124] [basehttp:log_message] [ERROR]- "GET /app/shoppingcar/ HTTP/1.1" 500 71538
[2019-09-08 13:09:44,244] [exception.py:118] [exception:handle_uncaught_exception] [ERROR]- Internal Server Error: /app/shoppingcar/
Traceback (most recent call last):
  File "F:\64 python 36\lib\site-packages\django\core\handlers\exception.py", line 35, in inner
    response = get_response(request)
  File "F:\64 python 36\lib\site-packages\django\core\handlers\base.py", line 128, in _get_response
    response = self.process_exception_by_middleware(e, request)
  File "F:\64 python 36\lib\site-packages\django\core\handlers\base.py", line 126, in _get_response
    response = wrapped_callback(request, *callback_args, **callback_kwargs)
  File "F:\pycharm\store\app\views.py", line 15, in zyc
    return func(request)
  File "F:\pycharm\store\app\views.py", line 381, in shoppingcar
    return render(request,'shoppingcar.html',context={'key':li,'user_name':user_name,'sum':"%.2f"%sum,'sum1':"%.2f"%sum1,'key2':choice})
UnboundLocalError: local variable 'sum1' referenced before assignment
[2019-09-08 13:09:44,279] [basehttp.py:124] [basehttp:log_message] [ERROR]- "GET /app/shoppingcar/ HTTP/1.1" 500 71538
[2019-09-08 13:10:42,658] [exception.py:118] [exception:handle_uncaught_exception] [ERROR]- Internal Server Error: /app/shoppingcar/
Traceback (most recent call last):
  File "F:\64 python 36\lib\site-packages\django\core\handlers\exception.py", line 35, in inner
    response = get_response(request)
  File "F:\64 python 36\lib\site-packages\django\core\handlers\base.py", line 128, in _get_response
    response = self.process_exception_by_middleware(e, request)
  File "F:\64 python 36\lib\site-packages\django\core\handlers\base.py", line 126, in _get_response
    response = wrapped_callback(request, *callback_args, **callback_kwargs)
  File "F:\pycharm\store\app\views.py", line 15, in zyc
    return func(request)
  File "F:\pycharm\store\app\views.py", line 383, in shoppingcar
    return render(request,'shoppingcar.html',context={'key':li,'user_name':user_name,'sum':"%.2f"%sum,'sum1':"%.2f"%sum1,'key2':choice})
TypeError: must be real number, not str
[2019-09-08 13:10:42,697] [basehttp.py:124] [basehttp:log_message] [ERROR]- "GET /app/shoppingcar/ HTTP/1.1" 500 71638
[2019-09-08 13:10:59,639] [exception.py:118] [exception:handle_uncaught_exception] [ERROR]- Internal Server Error: /app/shoppingcar/
Traceback (most recent call last):
  File "F:\64 python 36\lib\site-packages\django\core\handlers\exception.py", line 35, in inner
    response = get_response(request)
  File "F:\64 python 36\lib\site-packages\django\core\handlers\base.py", line 128, in _get_response
    response = self.process_exception_by_middleware(e, request)
  File "F:\64 python 36\lib\site-packages\django\core\handlers\base.py", line 126, in _get_response
    response = wrapped_callback(request, *callback_args, **callback_kwargs)
  File "F:\pycharm\store\app\views.py", line 15, in zyc
    return func(request)
  File "F:\pycharm\store\app\views.py", line 383, in shoppingcar
    return render(request,'shoppingcar.html',context={'key':li,'user_name':user_name,'sum':"%.2f"%sum,'sum1':"%s"%sum1,'key2':choice})
TypeError: must be real number, not str
[2019-09-08 13:10:59,676] [basehttp.py:124] [basehttp:log_message] [ERROR]- "GET /app/shoppingcar/ HTTP/1.1" 500 71634
[2019-09-08 13:11:03,227] [basehttp.py:124] [basehttp:log_message] [INFO]- "GET /app/index/ HTTP/1.1" 200 17742
[2019-09-08 13:11:06,500] [basehttp.py:124] [basehttp:log_message] [INFO]- "GET /app/shoppingcar/ HTTP/1.1" 200 2560
[2019-09-08 13:11:08,624] [basehttp.py:124] [basehttp:log_message] [INFO]- "GET /app/shoppingcar/ HTTP/1.1" 200 2560
[2019-09-08 13:11:11,034] [basehttp.py:124] [basehttp:log_message] [INFO]- "GET /app/index/ HTTP/1.1" 200 17742
[2019-09-08 13:11:12,141] [basehttp.py:124] [basehttp:log_message] [INFO]- "GET /app/person/ HTTP/1.1" 200 1762
[2019-09-08 13:11:13,020] [basehttp.py:124] [basehttp:log_message] [INFO]- "GET /app/nologin/ HTTP/1.1" 302 0
[2019-09-08 13:11:13,031] [basehttp.py:124] [basehttp:log_message] [INFO]- "GET /app/login/ HTTP/1.1" 200 1638
[2019-09-08 13:11:16,223] [basehttp.py:124] [basehttp:log_message] [INFO]- "POST /app/login/ HTTP/1.1" 302 0
[2019-09-08 13:11:16,282] [basehttp.py:124] [basehttp:log_message] [INFO]- "GET /app/index/ HTTP/1.1" 200 17699
[2019-09-08 13:11:17,687] [basehttp.py:124] [basehttp:log_message] [INFO]- "GET /app/person/ HTTP/1.1" 200 1851
[2019-09-08 13:11:19,109] [basehttp.py:124] [basehttp:log_message] [INFO]- "GET /app/index/ HTTP/1.1" 200 17699
[2019-09-08 13:11:19,827] [basehttp.py:124] [basehttp:log_message] [INFO]- "GET /app/shoppingcar/ HTTP/1.1" 200 2560
[2019-09-08 13:11:20,938] [basehttp.py:124] [basehttp:log_message] [INFO]- "GET /app/index/ HTTP/1.1" 200 17699
[2019-09-08 13:11:23,043] [basehttp.py:124] [basehttp:log_message] [INFO]- "GET /app/sort/?p1=2 HTTP/1.1" 200 16058
[2019-09-08 13:11:23,621] [basehttp.py:124] [basehttp:log_message] [INFO]- "GET /app/goods_info/?id=258 HTTP/1.1" 200 4695
[2019-09-08 13:11:24,851] [basehttp.py:124] [basehttp:log_message] [INFO]- "POST /app/goods_info/?id=258 HTTP/1.1" 200 4716
[2019-09-08 13:11:25,566] [basehttp.py:124] [basehttp:log_message] [INFO]- "GET /app/shoppingcar/ HTTP/1.1" 200 3778
[2019-09-08 13:12:17,624] [basehttp.py:124] [basehttp:log_message] [INFO]- "GET /app/shoppingcar/ HTTP/1.1" 200 3778
[2019-09-08 13:12:19,244] [basehttp.py:124] [basehttp:log_message] [INFO]- "GET /app/shoppingcar/ HTTP/1.1" 200 3778
[2019-09-08 13:15:00,741] [basehttp.py:124] [basehttp:log_message] [INFO]- "GET /app/shoppingcar/ HTTP/1.1" 200 3778
[2019-09-08 13:15:03,067] [basehttp.py:124] [basehttp:log_message] [INFO]- "GET /app/person/ HTTP/1.1" 200 1851
[2019-09-08 13:15:04,899] [basehttp.py:124] [basehttp:log_message] [INFO]- "GET /app/admin/ HTTP/1.1" 200 18
[2019-09-08 13:15:19,181] [basehttp.py:124] [basehttp:log_message] [INFO]- "GET /app/admin/ HTTP/1.1" 200 12
[2019-09-08 13:15:45,027] [basehttp.py:124] [basehttp:log_message] [INFO]- "GET /app/person/ HTTP/1.1" 200 1851
[2019-09-08 13:15:49,210] [basehttp.py:124] [basehttp:log_message] [INFO]- "GET /app/admin/ HTTP/1.1" 200 2518
[2019-09-08 13:15:51,021] [base.py:93] [base:get_response] [WARNING]- Not Found: /app/admin/user/
[2019-09-08 13:15:51,022] [basehttp.py:124] [basehttp:log_message] [WARNING]- "GET /app/admin/user/ HTTP/1.1" 404 5897
[2019-09-08 13:15:54,593] [basehttp.py:124] [basehttp:log_message] [INFO]- "GET /app/person/ HTTP/1.1" 200 1851
[2019-09-08 13:15:58,036] [basehttp.py:124] [basehttp:log_message] [INFO]- "GET /app/admin/ HTTP/1.1" 200 2518
[2019-09-08 13:37:32,486] [basehttp.py:124] [basehttp:log_message] [INFO]- "GET /app/admin/good/ HTTP/1.1" 200 120366
[2019-09-08 13:37:34,705] [basehttp.py:124] [basehttp:log_message] [INFO]- "GET /app/admin/good/?p1=1 HTTP/1.1" 200 120366
[2019-09-08 13:37:35,484] [basehttp.py:124] [basehttp:log_message] [INFO]- "GET /app/admin/good/?p1=2 HTTP/1.1" 200 120366
[2019-09-08 13:37:36,249] [basehttp.py:124] [basehttp:log_message] [INFO]- "GET /app/admin/good/ HTTP/1.1" 200 120366
[2019-09-08 13:37:39,524] [basehttp.py:124] [basehttp:log_message] [INFO]- "GET /app/admin/ HTTP/1.1" 200 2518
[2019-09-08 13:37:42,054] [base.py:93] [base:get_response] [WARNING]- Not Found: /app/admin/user/
[2019-09-08 13:37:42,054] [basehttp.py:124] [basehttp:log_message] [WARNING]- "GET /app/admin/user/ HTTP/1.1" 404 6078
[2019-09-08 13:42:36,091] [base.py:93] [base:get_response] [WARNING]- Not Found: /app/admin/user/
[2019-09-08 13:42:36,091] [basehttp.py:124] [basehttp:log_message] [WARNING]- "GET /app/admin/user/ HTTP/1.1" 404 6078
[2019-09-08 13:45:19,676] [basehttp.py:124] [basehttp:log_message] [INFO]- "GET /app/admin/user/ HTTP/1.1" 200 120366
[2019-09-08 13:45:23,132] [basehttp.py:124] [basehttp:log_message] [INFO]- "GET /app/admin/ HTTP/1.1" 200 2518
[2019-09-08 13:45:24,305] [basehttp.py:124] [basehttp:log_message] [INFO]- "GET /app/admin/user/ HTTP/1.1" 200 120366
[2019-09-08 13:45:29,711] [basehttp.py:124] [basehttp:log_message] [INFO]- "GET /app/admin/ HTTP/1.1" 200 2518
[2019-09-08 13:45:30,893] [basehttp.py:124] [basehttp:log_message] [INFO]- "GET /app/admin/user/ HTTP/1.1" 200 120366
[2019-09-08 13:45:51,174] [basehttp.py:124] [basehttp:log_message] [INFO]- "GET /app/admin/user/ HTTP/1.1" 200 1639
[2019-09-08 13:45:53,870] [basehttp.py:124] [basehttp:log_message] [INFO]- "GET /app/admin/user/?user=3 HTTP/1.1" 200 1559
[2019-09-08 13:46:32,047] [basehttp.py:124] [basehttp:log_message] [INFO]- "GET /app/admin/user/?user=3 HTTP/1.1" 200 1559
[2019-09-08 13:49:05,842] [basehttp.py:124] [basehttp:log_message] [INFO]- "GET /app/admin/user/ HTTP/1.1" 200 1639
[2019-09-08 13:49:08,076] [basehttp.py:124] [basehttp:log_message] [INFO]- "GET /app/admin/user/?user=3 HTTP/1.1" 200 51
[2019-09-08 13:49:11,331] [basehttp.py:124] [basehttp:log_message] [INFO]- "GET /app/admin/user/?p1=1 HTTP/1.1" 200 1639
[2019-09-08 13:49:12,218] [basehttp.py:124] [basehttp:log_message] [INFO]- "GET /app/admin/user/?p1=2 HTTP/1.1" 200 1639
[2019-09-08 13:49:13,111] [basehttp.py:124] [basehttp:log_message] [INFO]- "GET /app/admin/user HTTP/1.1" 301 0
[2019-09-08 13:49:13,143] [basehttp.py:124] [basehttp:log_message] [INFO]- "GET /app/admin/user/ HTTP/1.1" 200 1639
[2019-09-08 13:49:14,476] [basehttp.py:124] [basehttp:log_message] [INFO]- "GET /app/admin/user/?p1=1 HTTP/1.1" 200 1639
[2019-09-08 13:49:14,883] [basehttp.py:124] [basehttp:log_message] [INFO]- "GET /app/admin/user/?p1=2 HTTP/1.1" 200 1639
[2019-09-08 13:49:15,325] [basehttp.py:124] [basehttp:log_message] [INFO]- "GET /app/admin/user/ HTTP/1.1" 200 1639
[2019-09-08 13:49:17,884] [basehttp.py:124] [basehttp:log_message] [INFO]- "GET /app/admin/ HTTP/1.1" 200 2518
[2019-09-08 13:49:19,018] [basehttp.py:124] [basehttp:log_message] [INFO]- "GET /app/admin/good/ HTTP/1.1" 200 120366
[2019-09-08 13:49:20,661] [basehttp.py:124] [basehttp:log_message] [INFO]- "GET /app/admin/good/?good=197 HTTP/1.1" 200 2651
[2019-09-08 13:49:33,557] [basehttp.py:124] [basehttp:log_message] [INFO]- "GET /app/admin/ HTTP/1.1" 200 2518
[2019-09-08 13:49:34,816] [basehttp.py:124] [basehttp:log_message] [INFO]- "GET /app/person/ HTTP/1.1" 200 1851
[2019-09-08 13:49:39,350] [basehttp.py:124] [basehttp:log_message] [INFO]- "GET /app/index/ HTTP/1.1" 200 17742
[2019-09-08 16:40:33,567] [runserver.py:141] [runserver:log_action] [INFO]- HTTP GET /app/chat/ 200 [0.02, 127.0.0.1:51628]
[2019-09-08 16:40:33,583] [runserver.py:162] [runserver:log_action] [INFO]- WebSocket HANDSHAKING /ws/chat/test [127.0.0.1:51630]
[2019-09-08 16:40:33,632] [runserver.py:158] [runserver:log_action] [INFO]- WebSocket CONNECT /ws/chat/test [127.0.0.1:51630]
[2019-09-08 16:40:35,605] [runserver.py:141] [runserver:log_action] [INFO]- HTTP GET /app/chat/ 200 [0.00, 127.0.0.1:51628]
[2019-09-08 16:40:35,619] [runserver.py:162] [runserver:log_action] [INFO]- WebSocket HANDSHAKING /ws/chat/test [127.0.0.1:51637]
[2019-09-08 16:40:35,625] [runserver.py:158] [runserver:log_action] [INFO]- WebSocket CONNECT /ws/chat/test [127.0.0.1:51637]
[2019-09-08 16:41:12,573] [runserver.py:141] [runserver:log_action] [INFO]- HTTP GET /app/chat/ 200 [0.00, 127.0.0.1:51628]
[2019-09-08 16:41:12,578] [runserver.py:160] [runserver:log_action] [INFO]- WebSocket DISCONNECT /ws/chat/test [127.0.0.1:51630]
[2019-09-08 16:41:12,587] [runserver.py:162] [runserver:log_action] [INFO]- WebSocket HANDSHAKING /ws/chat/test [127.0.0.1:51648]
[2019-09-08 16:41:12,600] [runserver.py:158] [runserver:log_action] [INFO]- WebSocket CONNECT /ws/chat/test [127.0.0.1:51648]
[2019-09-08 16:41:13,955] [runserver.py:141] [runserver:log_action] [INFO]- HTTP GET /app/chat/ 200 [0.00, 127.0.0.1:51628]
[2019-09-08 16:41:13,960] [runserver.py:160] [runserver:log_action] [INFO]- WebSocket DISCONNECT /ws/chat/test [127.0.0.1:51637]
[2019-09-08 16:41:13,970] [runserver.py:162] [runserver:log_action] [INFO]- WebSocket HANDSHAKING /ws/chat/test [127.0.0.1:51651]
[2019-09-08 16:41:13,978] [runserver.py:158] [runserver:log_action] [INFO]- WebSocket CONNECT /ws/chat/test [127.0.0.1:51651]
[2019-09-08 16:43:23,420] [runserver.py:141] [runserver:log_action] [INFO]- HTTP GET /app/chat/ 200 [0.01, 127.0.0.1:51677]
[2019-09-08 16:43:23,436] [runserver.py:162] [runserver:log_action] [INFO]- WebSocket HANDSHAKING /ws/chat/test [127.0.0.1:51679]
[2019-09-08 16:43:23,485] [runserver.py:158] [runserver:log_action] [INFO]- WebSocket CONNECT /ws/chat/test [127.0.0.1:51679]
[2019-09-08 16:43:24,885] [runserver.py:141] [runserver:log_action] [INFO]- HTTP GET /app/chat/ 200 [0.00, 127.0.0.1:51677]
[2019-09-08 16:43:24,899] [runserver.py:162] [runserver:log_action] [INFO]- WebSocket HANDSHAKING /ws/chat/test [127.0.0.1:51682]
[2019-09-08 16:43:24,907] [runserver.py:158] [runserver:log_action] [INFO]- WebSocket CONNECT /ws/chat/test [127.0.0.1:51682]
[2019-09-08 16:43:43,538] [runserver.py:147] [runserver:log_action] [INFO]- HTTP GET /app/chat/ 302 [0.01, 127.0.0.1:51718]
[2019-09-08 16:43:43,557] [runserver.py:141] [runserver:log_action] [INFO]- HTTP GET /app/login/ 200 [0.01, 127.0.0.1:51718]
[2019-09-08 16:43:43,868] [runserver.py:141] [runserver:log_action] [INFO]- HTTP GET /static/zero.jpg 200 [0.00, 127.0.0.1:51718]
[2019-09-08 16:43:44,008] [base.py:93] [base:get_response] [WARNING]- Not Found: /favicon.ico
[2019-09-08 16:43:44,011] [runserver.py:149] [runserver:log_action] [WARNING]- HTTP GET /favicon.ico 404 [0.01, 127.0.0.1:51718]
[2019-09-08 16:43:47,706] [runserver.py:147] [runserver:log_action] [INFO]- HTTP POST /app/login/ 302 [0.03, 127.0.0.1:51718]
[2019-09-08 16:43:48,947] [runserver.py:141] [runserver:log_action] [INFO]- HTTP GET /app/index/ 200 [1.23, 127.0.0.1:51718]
[2019-09-08 16:43:49,059] [runserver.py:141] [runserver:log_action] [INFO]- HTTP GET /static/icons.png 200 [0.00, 127.0.0.1:51718]
[2019-09-08 16:43:53,039] [runserver.py:141] [runserver:log_action] [INFO]- HTTP GET /app/chat/ 200 [0.00, 127.0.0.1:51718]
[2019-09-08 16:43:53,134] [runserver.py:162] [runserver:log_action] [INFO]- WebSocket HANDSHAKING /ws/chat/test [127.0.0.1:51767]
[2019-09-08 16:43:53,137] [runserver.py:158] [runserver:log_action] [INFO]- WebSocket CONNECT /ws/chat/test [127.0.0.1:51767]
[2019-09-08 16:46:23,675] [runserver.py:141] [runserver:log_action] [INFO]- HTTP GET /app/chat/ 200 [0.00, 127.0.0.1:51799]
[2019-09-08 16:46:23,681] [runserver.py:160] [runserver:log_action] [INFO]- WebSocket DISCONNECT /ws/chat/test [127.0.0.1:51679]
[2019-09-08 16:46:23,692] [runserver.py:162] [runserver:log_action] [INFO]- WebSocket HANDSHAKING /ws/chat/test [127.0.0.1:51800]
[2019-09-08 16:46:23,705] [runserver.py:158] [runserver:log_action] [INFO]- WebSocket CONNECT /ws/chat/test [127.0.0.1:51800]
[2019-09-08 16:46:36,758] [runserver.py:141] [runserver:log_action] [INFO]- HTTP GET /app/chat/ 200 [0.00, 127.0.0.1:51799]
[2019-09-08 16:46:36,764] [runserver.py:160] [runserver:log_action] [INFO]- WebSocket DISCONNECT /ws/chat/test [127.0.0.1:51800]
[2019-09-08 16:46:36,773] [runserver.py:162] [runserver:log_action] [INFO]- WebSocket HANDSHAKING /ws/chat/test [127.0.0.1:51808]
[2019-09-08 16:46:36,778] [runserver.py:158] [runserver:log_action] [INFO]- WebSocket CONNECT /ws/chat/test [127.0.0.1:51808]
[2019-09-08 16:46:43,203] [runserver.py:141] [runserver:log_action] [INFO]- HTTP GET /app/chat/ 200 [0.00, 127.0.0.1:51799]
[2019-09-08 16:46:43,207] [runserver.py:160] [runserver:log_action] [INFO]- WebSocket DISCONNECT /ws/chat/test [127.0.0.1:51808]
[2019-09-08 16:46:43,218] [runserver.py:162] [runserver:log_action] [INFO]- WebSocket HANDSHAKING /ws/chat/test [127.0.0.1:51813]
[2019-09-08 16:46:43,224] [runserver.py:158] [runserver:log_action] [INFO]- WebSocket CONNECT /ws/chat/test [127.0.0.1:51813]
[2019-09-08 16:46:55,831] [runserver.py:141] [runserver:log_action] [INFO]- HTTP GET /app/chat/ 200 [0.00, 127.0.0.1:51799]
[2019-09-08 16:46:55,836] [runserver.py:160] [runserver:log_action] [INFO]- WebSocket DISCONNECT /ws/chat/test [127.0.0.1:51813]
[2019-09-08 16:46:55,845] [runserver.py:162] [runserver:log_action] [INFO]- WebSocket HANDSHAKING /ws/chat/test [127.0.0.1:51817]
[2019-09-08 16:46:55,852] [runserver.py:158] [runserver:log_action] [INFO]- WebSocket CONNECT /ws/chat/test [127.0.0.1:51817]
[2019-09-08 16:46:56,683] [runserver.py:141] [runserver:log_action] [INFO]- HTTP GET /app/chat/ 200 [0.00, 127.0.0.1:51799]
[2019-09-08 16:46:56,689] [runserver.py:160] [runserver:log_action] [INFO]- WebSocket DISCONNECT /ws/chat/test [127.0.0.1:51817]
[2019-09-08 16:46:56,698] [runserver.py:162] [runserver:log_action] [INFO]- WebSocket HANDSHAKING /ws/chat/test [127.0.0.1:51818]
[2019-09-08 16:46:56,703] [runserver.py:158] [runserver:log_action] [INFO]- WebSocket CONNECT /ws/chat/test [127.0.0.1:51818]
[2019-09-08 16:47:04,027] [runserver.py:141] [runserver:log_action] [INFO]- HTTP GET /app/chat/ 200 [0.00, 127.0.0.1:51799]
[2019-09-08 16:47:04,032] [runserver.py:160] [runserver:log_action] [INFO]- WebSocket DISCONNECT /ws/chat/test [127.0.0.1:51818]
[2019-09-08 16:47:04,042] [runserver.py:162] [runserver:log_action] [INFO]- WebSocket HANDSHAKING /ws/chat/test [127.0.0.1:51819]
[2019-09-08 16:47:04,049] [runserver.py:158] [runserver:log_action] [INFO]- WebSocket CONNECT /ws/chat/test [127.0.0.1:51819]
[2019-09-08 16:47:30,110] [runserver.py:141] [runserver:log_action] [INFO]- HTTP GET /app/chat/ 200 [0.00, 127.0.0.1:51799]
[2019-09-08 16:47:30,116] [runserver.py:160] [runserver:log_action] [INFO]- WebSocket DISCONNECT /ws/chat/test [127.0.0.1:51819]
[2019-09-08 16:47:30,127] [runserver.py:162] [runserver:log_action] [INFO]- WebSocket HANDSHAKING /ws/chat/test [127.0.0.1:51824]
[2019-09-08 16:47:30,138] [runserver.py:158] [runserver:log_action] [INFO]- WebSocket CONNECT /ws/chat/test [127.0.0.1:51824]
[2019-09-08 16:47:52,293] [runserver.py:141] [runserver:log_action] [INFO]- HTTP GET /app/chat/ 200 [0.00, 127.0.0.1:51799]
[2019-09-08 16:47:52,297] [runserver.py:160] [runserver:log_action] [INFO]- WebSocket DISCONNECT /ws/chat/test [127.0.0.1:51824]
[2019-09-08 16:47:56,605] [runserver.py:141] [runserver:log_action] [INFO]- HTTP GET /app/chat/ 200 [0.00, 127.0.0.1:51837]
[2019-09-08 16:47:56,618] [runserver.py:160] [runserver:log_action] [INFO]- WebSocket DISCONNECT /ws/chat/test [127.0.0.1:51767]
[2019-09-08 16:54:50,736] [runserver.py:141] [runserver:log_action] [INFO]- HTTP GET /app/chat/ 200 [0.02, 127.0.0.1:51920]
[2019-09-08 16:54:50,752] [runserver.py:162] [runserver:log_action] [INFO]- WebSocket HANDSHAKING /ws/chat/chat_1 [127.0.0.1:51922]
[2019-09-08 16:54:50,803] [runserver.py:158] [runserver:log_action] [INFO]- WebSocket CONNECT /ws/chat/chat_1 [127.0.0.1:51922]
[2019-09-08 16:57:02,038] [runserver.py:141] [runserver:log_action] [INFO]- HTTP GET /app/chat/ 200 [0.00, 127.0.0.1:51965]
[2019-09-08 16:57:02,195] [runserver.py:162] [runserver:log_action] [INFO]- WebSocket HANDSHAKING /ws/chat/chat_zy [127.0.0.1:51972]
[2019-09-08 16:57:02,199] [runserver.py:158] [runserver:log_action] [INFO]- WebSocket CONNECT /ws/chat/chat_zy [127.0.0.1:51972]
[2019-09-08 17:17:12,637] [runserver.py:141] [runserver:log_action] [INFO]- HTTP GET /app/chat/ 200 [0.02, 127.0.0.1:52179]
[2019-09-08 17:17:32,809] [runserver.py:141] [runserver:log_action] [INFO]- HTTP GET /app/chat/ 200 [0.00, 127.0.0.1:52179]
[2019-09-08 17:19:50,027] [runserver.py:141] [runserver:log_action] [INFO]- HTTP GET /app/chat/ 200 [0.02, 127.0.0.1:52227]
[2019-09-08 17:29:41,218] [runserver.py:141] [runserver:log_action] [INFO]- HTTP GET /app/chat/ 200 [0.02, 127.0.0.1:52363]
[2019-09-08 17:31:53,556] [runserver.py:141] [runserver:log_action] [INFO]- HTTP GET /app/chat/ 200 [0.01, 127.0.0.1:52383]
[2019-09-08 17:38:06,547] [runserver.py:141] [runserver:log_action] [INFO]- HTTP GET /app/chat/ 200 [0.01, 127.0.0.1:52439]
[2019-09-08 17:42:18,892] [runserver.py:141] [runserver:log_action] [INFO]- HTTP GET /app/chat/ 200 [0.02, 127.0.0.1:52482]
[2019-09-08 17:42:32,693] [runserver.py:141] [runserver:log_action] [INFO]- HTTP GET /app/chat/ 200 [0.00, 127.0.0.1:52482]
[2019-09-08 17:42:32,707] [runserver.py:162] [runserver:log_action] [INFO]- WebSocket HANDSHAKING /ws/chat/test [127.0.0.1:52488]
[2019-09-08 17:42:33,395] [runserver.py:160] [runserver:log_action] [INFO]- WebSocket DISCONNECT /ws/chat/test [127.0.0.1:52488]
[2019-09-08 17:42:53,536] [runserver.py:141] [runserver:log_action] [INFO]- HTTP GET /app/chat/ 200 [0.02, 127.0.0.1:52494]
[2019-09-08 17:42:53,560] [runserver.py:162] [runserver:log_action] [INFO]- WebSocket HANDSHAKING /ws/chat/test [127.0.0.1:52501]
[2019-09-08 17:42:54,578] [runserver.py:160] [runserver:log_action] [INFO]- WebSocket DISCONNECT /ws/chat/test [127.0.0.1:52501]
[2019-09-08 17:45:02,678] [runserver.py:141] [runserver:log_action] [INFO]- HTTP GET /app/chat/ 200 [0.02, 127.0.0.1:52521]
[2019-09-08 17:45:02,698] [runserver.py:162] [runserver:log_action] [INFO]- WebSocket HANDSHAKING /ws/chat/test [127.0.0.1:52523]
[2019-09-08 17:45:02,744] [runserver.py:158] [runserver:log_action] [INFO]- WebSocket CONNECT /ws/chat/test [127.0.0.1:52523]
[2019-09-08 17:45:17,709] [runserver.py:141] [runserver:log_action] [INFO]- HTTP GET /app/chat/ 200 [0.00, 127.0.0.1:52521]
[2019-09-08 17:45:17,714] [runserver.py:160] [runserver:log_action] [INFO]- WebSocket DISCONNECT /ws/chat/test [127.0.0.1:52523]
[2019-09-08 17:45:17,723] [runserver.py:162] [runserver:log_action] [INFO]- WebSocket HANDSHAKING /ws/chat/test [127.0.0.1:52529]
[2019-09-08 17:45:17,735] [runserver.py:158] [runserver:log_action] [INFO]- WebSocket CONNECT /ws/chat/test [127.0.0.1:52529]
[2019-09-08 17:49:59,507] [runserver.py:141] [runserver:log_action] [INFO]- HTTP GET /app/chat/ 200 [0.02, 127.0.0.1:52581]
[2019-09-08 17:51:05,168] [runserver.py:141] [runserver:log_action] [INFO]- HTTP GET /app/chat/ 200 [0.01, 127.0.0.1:52597]
[2019-09-08 17:51:31,597] [runserver.py:141] [runserver:log_action] [INFO]- HTTP GET /app/chat/ 200 [0.02, 127.0.0.1:52602]
[2019-09-08 17:51:53,438] [runserver.py:141] [runserver:log_action] [INFO]- HTTP GET /app/chat/ 200 [0.00, 127.0.0.1:52602]
[2019-09-08 17:53:16,688] [runserver.py:141] [runserver:log_action] [INFO]- HTTP GET /app/chat/ 200 [0.00, 127.0.0.1:52636]
[2019-09-08 17:53:51,932] [runserver.py:141] [runserver:log_action] [INFO]- HTTP GET /app/chat/ 200 [0.02, 127.0.0.1:52647]
[2019-09-08 17:53:51,947] [runserver.py:162] [runserver:log_action] [INFO]- WebSocket HANDSHAKING /ws/chat/test [127.0.0.1:52649]
[2019-09-08 17:53:51,999] [runserver.py:158] [runserver:log_action] [INFO]- WebSocket CONNECT /ws/chat/test [127.0.0.1:52649]
[2019-09-08 18:25:43,583] [base.py:93] [base:get_response] [WARNING]- Not Found: /app/idnex
[2019-09-08 18:25:43,585] [runserver.py:149] [runserver:log_action] [WARNING]- HTTP GET /app/idnex 404 [0.01, 127.0.0.1:53063]
[2019-09-08 18:25:43,589] [runserver.py:160] [runserver:log_action] [INFO]- WebSocket DISCONNECT /ws/chat/test [127.0.0.1:52649]
[2019-09-08 18:25:43,991] [runserver.py:141] [runserver:log_action] [INFO]- HTTP GET /app/index/ 200 [1.09, 127.0.0.1:53064]
[2019-09-08 18:25:55,976] [runserver.py:141] [runserver:log_action] [INFO]- HTTP GET /app/chat/ 200 [0.00, 127.0.0.1:53064]
[2019-09-08 18:25:55,992] [runserver.py:162] [runserver:log_action] [INFO]- WebSocket HANDSHAKING /ws/chat/test [127.0.0.1:53082]
[2019-09-08 18:25:56,009] [runserver.py:158] [runserver:log_action] [INFO]- WebSocket CONNECT /ws/chat/test [127.0.0.1:53082]
[2019-09-08 18:25:57,289] [runserver.py:160] [runserver:log_action] [INFO]- WebSocket DISCONNECT /ws/chat/test [127.0.0.1:53082]
[2019-09-08 18:26:33,013] [runserver.py:141] [runserver:log_action] [INFO]- HTTP GET /app/index/ 200 [0.09, 127.0.0.1:53064]
[2019-09-08 18:26:48,416] [runserver.py:141] [runserver:log_action] [INFO]- HTTP GET /app/index/ 200 [0.06, 127.0.0.1:53064]
[2019-09-08 18:27:21,357] [runserver.py:141] [runserver:log_action] [INFO]- HTTP GET /app/index/ 200 [0.07, 127.0.0.1:53064]
[2019-09-08 18:27:49,190] [runserver.py:141] [runserver:log_action] [INFO]- HTTP GET /app/index/ 200 [0.05, 127.0.0.1:53064]
[2019-09-08 18:27:55,728] [runserver.py:141] [runserver:log_action] [INFO]- HTTP GET /app/index/ 200 [0.07, 127.0.0.1:53064]
[2019-09-08 18:28:03,827] [runserver.py:141] [runserver:log_action] [INFO]- HTTP GET /app/index/ 200 [0.08, 127.0.0.1:53064]
[2019-09-08 18:28:19,708] [runserver.py:141] [runserver:log_action] [INFO]- HTTP GET /app/index/ 200 [0.04, 127.0.0.1:53064]
[2019-09-08 18:28:22,098] [runserver.py:141] [runserver:log_action] [INFO]- HTTP GET /app/chat/ 200 [0.00, 127.0.0.1:53064]
[2019-09-08 18:28:22,113] [runserver.py:162] [runserver:log_action] [INFO]- WebSocket HANDSHAKING /ws/chat/test [127.0.0.1:53169]
[2019-09-08 18:28:22,125] [runserver.py:158] [runserver:log_action] [INFO]- WebSocket CONNECT /ws/chat/test [127.0.0.1:53169]
[2019-09-08 18:28:24,627] [runserver.py:160] [runserver:log_action] [INFO]- WebSocket DISCONNECT /ws/chat/test [127.0.0.1:53169]
[2019-09-08 18:28:32,601] [runserver.py:141] [runserver:log_action] [INFO]- HTTP GET /app/index/ 200 [0.05, 127.0.0.1:53064]
[2019-09-08 18:29:02,848] [runserver.py:141] [runserver:log_action] [INFO]- HTTP GET /app/chat/ 200 [0.00, 127.0.0.1:53064]
[2019-09-08 18:29:02,864] [runserver.py:162] [runserver:log_action] [INFO]- WebSocket HANDSHAKING /ws/chat/test [127.0.0.1:53192]
[2019-09-08 18:29:02,875] [runserver.py:158] [runserver:log_action] [INFO]- WebSocket CONNECT /ws/chat/test [127.0.0.1:53192]
[2019-09-08 18:30:23,590] [runserver.py:141] [runserver:log_action] [INFO]- HTTP GET /app/chat/ 200 [0.00, 127.0.0.1:53215]
[2019-09-08 18:30:23,596] [runserver.py:160] [runserver:log_action] [INFO]- WebSocket DISCONNECT /ws/chat/test [127.0.0.1:53192]
[2019-09-08 18:30:23,606] [runserver.py:162] [runserver:log_action] [INFO]- WebSocket HANDSHAKING /ws/chat/test [127.0.0.1:53219]
[2019-09-08 18:30:23,618] [runserver.py:158] [runserver:log_action] [INFO]- WebSocket CONNECT /ws/chat/test [127.0.0.1:53219]
[2019-09-08 18:30:56,924] [runserver.py:141] [runserver:log_action] [INFO]- HTTP GET /app/chat/ 200 [0.00, 127.0.0.1:53215]
[2019-09-08 18:30:56,929] [runserver.py:160] [runserver:log_action] [INFO]- WebSocket DISCONNECT /ws/chat/test [127.0.0.1:53219]
[2019-09-08 18:30:56,941] [runserver.py:162] [runserver:log_action] [INFO]- WebSocket HANDSHAKING /ws/chat/test [127.0.0.1:53227]
[2019-09-08 18:30:56,951] [runserver.py:158] [runserver:log_action] [INFO]- WebSocket CONNECT /ws/chat/test [127.0.0.1:53227]
[2019-09-08 18:30:57,496] [runserver.py:141] [runserver:log_action] [INFO]- HTTP GET /app/chat/ 200 [0.00, 127.0.0.1:53215]
[2019-09-08 18:30:57,502] [runserver.py:160] [runserver:log_action] [INFO]- WebSocket DISCONNECT /ws/chat/test [127.0.0.1:53227]
[2019-09-08 18:30:57,510] [runserver.py:162] [runserver:log_action] [INFO]- WebSocket HANDSHAKING /ws/chat/test [127.0.0.1:53230]
[2019-09-08 18:30:57,518] [runserver.py:158] [runserver:log_action] [INFO]- WebSocket CONNECT /ws/chat/test [127.0.0.1:53230]
[2019-09-08 18:31:06,176] [runserver.py:141] [runserver:log_action] [INFO]- HTTP GET /app/chat/ 200 [0.00, 127.0.0.1:53215]
[2019-09-08 18:31:06,181] [runserver.py:160] [runserver:log_action] [INFO]- WebSocket DISCONNECT /ws/chat/test [127.0.0.1:53230]
[2019-09-08 18:31:06,190] [runserver.py:162] [runserver:log_action] [INFO]- WebSocket HANDSHAKING /ws/chat/test [127.0.0.1:53233]
[2019-09-08 18:31:06,200] [runserver.py:158] [runserver:log_action] [INFO]- WebSocket CONNECT /ws/chat/test [127.0.0.1:53233]
[2019-09-08 18:31:15,512] [runserver.py:141] [runserver:log_action] [INFO]- HTTP GET /app/index/ 200 [0.07, 127.0.0.1:53215]
[2019-09-08 18:31:15,518] [runserver.py:160] [runserver:log_action] [INFO]- WebSocket DISCONNECT /ws/chat/test [127.0.0.1:53233]
[2019-09-08 18:31:18,300] [runserver.py:141] [runserver:log_action] [INFO]- HTTP GET /app/chat/ 200 [0.00, 127.0.0.1:53215]
[2019-09-08 18:31:18,315] [runserver.py:162] [runserver:log_action] [INFO]- WebSocket HANDSHAKING /ws/chat/test [127.0.0.1:53245]
[2019-09-08 18:31:18,324] [runserver.py:158] [runserver:log_action] [INFO]- WebSocket CONNECT /ws/chat/test [127.0.0.1:53245]
[2019-09-08 18:31:20,183] [runserver.py:141] [runserver:log_action] [INFO]- HTTP GET /app/index/ 200 [0.07, 127.0.0.1:53215]
[2019-09-08 18:31:20,188] [runserver.py:160] [runserver:log_action] [INFO]- WebSocket DISCONNECT /ws/chat/test [127.0.0.1:53245]
[2019-09-08 18:31:22,657] [runserver.py:141] [runserver:log_action] [INFO]- HTTP GET /app/chat/ 200 [0.00, 127.0.0.1:53215]
[2019-09-08 18:31:22,673] [runserver.py:162] [runserver:log_action] [INFO]- WebSocket HANDSHAKING /ws/chat/test [127.0.0.1:53255]
[2019-09-08 18:31:22,688] [runserver.py:158] [runserver:log_action] [INFO]- WebSocket CONNECT /ws/chat/test [127.0.0.1:53255]
[2019-09-08 18:31:24,864] [runserver.py:141] [runserver:log_action] [INFO]- HTTP GET /app/index/ 200 [0.07, 127.0.0.1:53215]
[2019-09-08 18:31:24,870] [runserver.py:160] [runserver:log_action] [INFO]- WebSocket DISCONNECT /ws/chat/test [127.0.0.1:53255]
[2019-09-08 18:31:25,689] [runserver.py:141] [runserver:log_action] [INFO]- HTTP GET /app/person/ 200 [0.03, 127.0.0.1:53215]
[2019-09-08 18:31:27,078] [runserver.py:141] [runserver:log_action] [INFO]- HTTP GET /app/index/ 200 [0.08, 127.0.0.1:53215]
[2019-09-08 18:31:28,465] [runserver.py:141] [runserver:log_action] [INFO]- HTTP GET /app/sort/?p1=6 200 [0.31, 127.0.0.1:53215]
[2019-09-08 18:31:29,295] [runserver.py:141] [runserver:log_action] [INFO]- HTTP GET /app/sort/?p1=3 200 [0.18, 127.0.0.1:53215]
[2019-09-08 18:31:30,350] [runserver.py:141] [runserver:log_action] [INFO]- HTTP GET /app/sort/?p1=6 200 [0.35, 127.0.0.1:53215]
[2019-09-08 18:31:32,537] [runserver.py:141] [runserver:log_action] [INFO]- HTTP GET /app/sort/?p1=4 200 [0.54, 127.0.0.1:53215]
[2019-09-08 18:31:33,951] [runserver.py:141] [runserver:log_action] [INFO]- HTTP GET /app/sort/?p1=2 200 [0.62, 127.0.0.1:53215]
[2019-09-08 18:31:35,220] [runserver.py:141] [runserver:log_action] [INFO]- HTTP GET /app/sort/?p1=1 200 [0.66, 127.0.0.1:53215]
[2019-09-08 18:31:36,100] [runserver.py:141] [runserver:log_action] [INFO]- HTTP GET /app/sort/?p1=5 200 [0.19, 127.0.0.1:53215]
[2019-09-08 18:31:37,917] [runserver.py:141] [runserver:log_action] [INFO]- HTTP GET /app/sort/?p1=4 200 [0.56, 127.0.0.1:53215]
[2019-09-08 18:31:39,380] [runserver.py:141] [runserver:log_action] [INFO]- HTTP GET /app/sort/?p1=6 200 [0.33, 127.0.0.1:53215]
[2019-09-08 18:31:40,339] [runserver.py:141] [runserver:log_action] [INFO]- HTTP GET /app/person/ 200 [0.02, 127.0.0.1:53215]
[2019-09-08 18:31:41,666] [runserver.py:141] [runserver:log_action] [INFO]- HTTP GET /app/index/ 200 [0.08, 127.0.0.1:53215]
[2019-09-08 18:34:19,817] [runserver.py:141] [runserver:log_action] [INFO]- HTTP GET /app/sort/?p1=2 200 [0.40, 127.0.0.1:53702]
[2019-09-08 18:34:21,757] [runserver.py:141] [runserver:log_action] [INFO]- HTTP GET /app/sort/?p1=1 200 [0.58, 127.0.0.1:53702]
[2019-09-08 18:34:22,339] [runserver.py:141] [runserver:log_action] [INFO]- HTTP GET /app/sort/?p1=5 200 [0.19, 127.0.0.1:53702]
[2019-09-08 18:34:23,170] [runserver.py:141] [runserver:log_action] [INFO]- HTTP GET /app/sort/?p1=6 200 [0.29, 127.0.0.1:53702]
[2019-09-08 18:34:23,897] [runserver.py:141] [runserver:log_action] [INFO]- HTTP GET /app/sort/?p1=3 200 [0.21, 127.0.0.1:53702]
[2019-09-08 18:34:24,549] [runserver.py:141] [runserver:log_action] [INFO]- HTTP GET /app/sort/?p1=5 200 [0.18, 127.0.0.1:53702]
[2019-09-08 18:34:26,111] [runserver.py:141] [runserver:log_action] [INFO]- HTTP GET /app/sort/?p1=1 200 [0.63, 127.0.0.1:53702]
[2019-09-08 18:34:27,705] [runserver.py:141] [runserver:log_action] [INFO]- HTTP GET /app/sort/?p1=4 200 [0.57, 127.0.0.1:53702]
[2019-09-08 18:34:28,102] [runserver.py:141] [runserver:log_action] [INFO]- HTTP GET /app/index/ 200 [0.08, 127.0.0.1:53702]
[2019-09-08 18:34:39,952] [runserver.py:141] [runserver:log_action] [INFO]- HTTP GET /app/index/?pindex=12 200 [0.06, 127.0.0.1:53702]
[2019-09-08 18:35:52,948] [runserver.py:141] [runserver:log_action] [INFO]- HTTP GET /app/goods_info/?id=428 200 [0.10, 127.0.0.1:54083]
[2019-09-08 18:35:54,881] [runserver.py:141] [runserver:log_action] [INFO]- HTTP GET /app/goods_info/?id=428 200 [0.07, 127.0.0.1:54083]
[2019-09-08 18:35:57,067] [runserver.py:141] [runserver:log_action] [INFO]- HTTP GET /app/chat/ 200 [0.00, 127.0.0.1:54083]
[2019-09-08 18:35:57,084] [runserver.py:162] [runserver:log_action] [INFO]- WebSocket HANDSHAKING /ws/chat/test [127.0.0.1:54093]
[2019-09-08 18:35:57,095] [runserver.py:158] [runserver:log_action] [INFO]- WebSocket CONNECT /ws/chat/test [127.0.0.1:54093]
[2019-09-08 18:35:58,411] [runserver.py:141] [runserver:log_action] [INFO]- HTTP GET /app/index/ 200 [0.08, 127.0.0.1:54083]
[2019-09-08 18:35:58,416] [runserver.py:160] [runserver:log_action] [INFO]- WebSocket DISCONNECT /ws/chat/test [127.0.0.1:54093]
[2019-09-08 18:35:59,937] [runserver.py:141] [runserver:log_action] [INFO]- HTTP GET /app/goods_info/?id=197 200 [0.09, 127.0.0.1:54083]
[2019-09-08 18:36:08,527] [runserver.py:141] [runserver:log_action] [INFO]- HTTP GET /app/goods_info/?id=197 200 [0.09, 127.0.0.1:54083]
[2019-09-08 18:36:13,059] [runserver.py:141] [runserver:log_action] [INFO]- HTTP GET /app/goods_info/?id=197 200 [0.10, 127.0.0.1:54083]
[2019-09-08 18:38:21,440] [runserver.py:141] [runserver:log_action] [INFO]- HTTP GET /app/index/ 200 [0.08, 127.0.0.1:54152]
[2019-09-08 18:38:26,133] [runserver.py:141] [runserver:log_action] [INFO]- HTTP GET /app/sort/?p1=2 200 [0.54, 127.0.0.1:54152]
[2019-09-08 18:38:27,247] [runserver.py:141] [runserver:log_action] [INFO]- HTTP GET /app/sort/?p1=5 200 [0.23, 127.0.0.1:54152]
[2019-09-08 18:38:28,748] [runserver.py:141] [runserver:log_action] [INFO]- HTTP GET /app/sort/?p1=4 200 [0.36, 127.0.0.1:54152]
[2019-09-08 18:39:00,903] [runserver.py:141] [runserver:log_action] [INFO]- HTTP GET /app/sort/?p1=4 200 [0.55, 127.0.0.1:54152]
[2019-09-08 18:39:02,185] [runserver.py:141] [runserver:log_action] [INFO]- HTTP GET /app/sort/?p1=6 200 [0.37, 127.0.0.1:54152]
[2019-09-08 18:39:03,310] [runserver.py:141] [runserver:log_action] [INFO]- HTTP GET /app/sort/?p1=5 200 [0.18, 127.0.0.1:54152]
[2019-09-08 18:39:04,026] [runserver.py:141] [runserver:log_action] [INFO]- HTTP GET /app/goods_info/?id=215 200 [0.10, 127.0.0.1:54152]
[2019-09-08 18:39:06,347] [runserver.py:141] [runserver:log_action] [INFO]- HTTP GET /app/person/ 200 [0.02, 127.0.0.1:54152]
[2019-09-08 18:39:07,765] [runserver.py:141] [runserver:log_action] [INFO]- HTTP GET /app/index/ 200 [0.11, 127.0.0.1:54152]
[2019-09-08 18:39:08,497] [runserver.py:141] [runserver:log_action] [INFO]- HTTP GET /app/shoppingcar/ 200 [0.05, 127.0.0.1:54152]
[2019-09-08 18:39:10,463] [runserver.py:141] [runserver:log_action] [INFO]- HTTP GET /app/index/ 200 [0.08, 127.0.0.1:54152]
[2019-09-08 18:39:11,212] [runserver.py:141] [runserver:log_action] [INFO]- HTTP GET /app/person/ 200 [0.03, 127.0.0.1:54152]
[2019-09-08 18:39:14,264] [runserver.py:141] [runserver:log_action] [INFO]- HTTP GET /app/admin/ 200 [1.84, 127.0.0.1:54152]
[2019-09-08 18:39:15,762] [runserver.py:141] [runserver:log_action] [INFO]- HTTP GET /app/person/ 200 [0.02, 127.0.0.1:54152]
[2019-09-08 18:39:18,826] [runserver.py:141] [runserver:log_action] [INFO]- HTTP GET /app/admin/ 200 [2.07, 127.0.0.1:54152]
[2019-09-08 18:39:19,997] [runserver.py:141] [runserver:log_action] [INFO]- HTTP GET /app/admin/user/ 200 [0.02, 127.0.0.1:54152]
[2019-09-08 18:39:21,235] [runserver.py:141] [runserver:log_action] [INFO]- HTTP GET /app/admin/user/?user=3 200 [0.02, 127.0.0.1:54152]
[2019-09-08 18:39:24,104] [runserver.py:141] [runserver:log_action] [INFO]- HTTP GET /app/admin/user/?user=4 200 [0.02, 127.0.0.1:54152]
[2019-09-08 18:39:30,410] [runserver.py:141] [runserver:log_action] [INFO]- HTTP GET /app/admin/user/?p1=1 200 [0.02, 127.0.0.1:54152]
[2019-09-08 18:39:31,305] [runserver.py:141] [runserver:log_action] [INFO]- HTTP GET /app/admin/user/ 200 [0.03, 127.0.0.1:54152]
[2019-09-08 18:39:31,859] [runserver.py:141] [runserver:log_action] [INFO]- HTTP GET /app/admin/user/?p1=2 200 [0.02, 127.0.0.1:54152]
[2019-09-08 18:39:32,507] [runserver.py:141] [runserver:log_action] [INFO]- HTTP GET /app/admin/user/ 200 [0.02, 127.0.0.1:54152]
[2019-09-08 18:39:44,385] [runserver.py:141] [runserver:log_action] [INFO]- HTTP GET /app/admin/ 200 [2.15, 127.0.0.1:54152]
[2019-09-08 18:39:46,044] [runserver.py:141] [runserver:log_action] [INFO]- HTTP GET /app/person/ 200 [0.02, 127.0.0.1:54152]
[2019-09-08 18:39:49,411] [runserver.py:141] [runserver:log_action] [INFO]- HTTP GET /app/admin/ 200 [2.24, 127.0.0.1:54152]
[2019-09-08 18:39:50,080] [runserver.py:141] [runserver:log_action] [INFO]- HTTP GET /app/admin/good/ 200 [0.06, 127.0.0.1:54152]
[2019-09-08 18:39:53,410] [runserver.py:141] [runserver:log_action] [INFO]- HTTP GET /app/admin/good/?p1=1 200 [0.05, 127.0.0.1:54152]
[2019-09-08 18:39:54,919] [runserver.py:141] [runserver:log_action] [INFO]- HTTP GET /app/admin/good/?p1=2 200 [0.06, 127.0.0.1:54152]
[2019-09-08 18:39:55,797] [runserver.py:141] [runserver:log_action] [INFO]- HTTP GET /app/admin/good/ 200 [0.06, 127.0.0.1:54152]
[2019-09-08 18:39:58,722] [runserver.py:141] [runserver:log_action] [INFO]- HTTP GET /app/admin/ 200 [1.87, 127.0.0.1:54152]
[2019-09-08 18:42:12,392] [runserver.py:141] [runserver:log_action] [INFO]- HTTP GET /app/admin/user/ 200 [0.01, 127.0.0.1:55880]
[2019-09-08 18:43:33,160] [runserver.py:141] [runserver:log_action] [INFO]- HTTP GET /app/admin/user/ 200 [0.03, 127.0.0.1:55889]
[2019-09-08 18:43:34,954] [runserver.py:141] [runserver:log_action] [INFO]- HTTP GET /app/admin/user/ 200 [0.02, 127.0.0.1:55889]
[2019-09-08 18:43:35,155] [runserver.py:141] [runserver:log_action] [INFO]- HTTP GET /app/admin/user/ 200 [0.03, 127.0.0.1:55889]
[2019-09-08 18:43:35,346] [runserver.py:141] [runserver:log_action] [INFO]- HTTP GET /app/admin/user/ 200 [0.02, 127.0.0.1:55889]
[2019-09-08 18:44:11,735] [runserver.py:141] [runserver:log_action] [INFO]- HTTP GET /app/admin/user/ 200 [0.03, 127.0.0.1:55889]
[2019-09-08 18:44:12,298] [runserver.py:141] [runserver:log_action] [INFO]- HTTP GET /app/admin/user/ 200 [0.02, 127.0.0.1:55889]
[2019-09-08 18:44:12,473] [runserver.py:141] [runserver:log_action] [INFO]- HTTP GET /app/admin/user/ 200 [0.01, 127.0.0.1:55889]
[2019-09-08 18:44:12,681] [runserver.py:141] [runserver:log_action] [INFO]- HTTP GET /app/admin/user/ 200 [0.03, 127.0.0.1:55889]
[2019-09-08 18:44:36,914] [runserver.py:141] [runserver:log_action] [INFO]- HTTP GET /app/admin/user/ 200 [0.01, 127.0.0.1:55889]
[2019-09-08 18:44:37,515] [runserver.py:141] [runserver:log_action] [INFO]- HTTP GET /app/admin/user/ 200 [0.02, 127.0.0.1:55889]
[2019-09-08 18:44:37,691] [runserver.py:141] [runserver:log_action] [INFO]- HTTP GET /app/admin/user/ 200 [0.02, 127.0.0.1:55889]
[2019-09-08 18:45:03,739] [runserver.py:141] [runserver:log_action] [INFO]- HTTP GET /app/admin/user/ 200 [0.01, 127.0.0.1:55889]
[2019-09-08 18:45:04,176] [runserver.py:141] [runserver:log_action] [INFO]- HTTP GET /app/admin/user/ 200 [0.01, 127.0.0.1:55889]
[2019-09-08 18:45:47,995] [runserver.py:141] [runserver:log_action] [INFO]- HTTP GET /app/admin/ 200 [2.16, 127.0.0.1:55889]
[2019-09-08 18:45:49,250] [runserver.py:141] [runserver:log_action] [INFO]- HTTP GET /app/admin/good/ 200 [0.06, 127.0.0.1:55889]
[2019-09-08 18:46:39,041] [runserver.py:141] [runserver:log_action] [INFO]- HTTP GET /app/admin/good/ 200 [0.06, 127.0.0.1:55889]
[2019-09-08 18:46:42,256] [runserver.py:141] [runserver:log_action] [INFO]- HTTP GET /app/admin/ 200 [1.72, 127.0.0.1:55889]
[2019-09-08 18:46:43,364] [runserver.py:141] [runserver:log_action] [INFO]- HTTP GET /app/admin/user/ 200 [0.02, 127.0.0.1:55889]
[2019-09-08 18:46:43,381] [runserver.py:141] [runserver:log_action] [INFO]- HTTP GET /static/9.jpg 200 [0.00, 127.0.0.1:55889]
[2019-09-08 18:47:07,975] [runserver.py:141] [runserver:log_action] [INFO]- HTTP GET /app/admin/ 200 [2.26, 127.0.0.1:55889]
[2019-09-08 18:47:09,715] [runserver.py:141] [runserver:log_action] [INFO]- HTTP GET /app/admin/good/ 200 [0.06, 127.0.0.1:55889]
[2019-09-08 18:47:15,868] [runserver.py:141] [runserver:log_action] [INFO]- HTTP GET /app/admin/good/ 200 [0.06, 127.0.0.1:55889]
[2019-09-08 18:47:15,922] [runserver.py:145] [runserver:log_action] [INFO]- HTTP GET /static/9.jpg 304 [0.00, 127.0.0.1:55889]
[2019-09-08 18:47:50,552] [runserver.py:141] [runserver:log_action] [INFO]- HTTP GET /app/admin/good/ 200 [0.06, 127.0.0.1:55889]
[2019-09-08 18:48:23,427] [runserver.py:141] [runserver:log_action] [INFO]- HTTP GET /app/admin/good/ 200 [0.05, 127.0.0.1:55889]
[2019-09-08 18:48:23,478] [runserver.py:145] [runserver:log_action] [INFO]- HTTP GET /static/9.jpg 304 [0.00, 127.0.0.1:55889]
[2019-09-08 18:48:46,343] [runserver.py:141] [runserver:log_action] [INFO]- HTTP GET /app/admin/good/ 200 [0.06, 127.0.0.1:55889]
[2019-09-08 18:48:47,475] [runserver.py:141] [runserver:log_action] [INFO]- HTTP GET /app/admin/good/ 200 [0.05, 127.0.0.1:55889]
[2019-09-08 18:48:59,624] [runserver.py:141] [runserver:log_action] [INFO]- HTTP GET /app/admin/good/ 200 [0.06, 127.0.0.1:55889]
[2019-09-08 18:49:37,475] [runserver.py:141] [runserver:log_action] [INFO]- HTTP GET /app/admin/good/ 200 [0.06, 127.0.0.1:55889]
[2019-09-08 18:49:37,670] [runserver.py:145] [runserver:log_action] [INFO]- HTTP GET /static/9.jpg 304 [0.00, 127.0.0.1:55889]
[2019-09-08 18:50:34,413] [runserver.py:141] [runserver:log_action] [INFO]- HTTP GET /app/admin/good/ 200 [0.05, 127.0.0.1:55889]
[2019-09-08 18:50:34,578] [runserver.py:145] [runserver:log_action] [INFO]- HTTP GET /static/9.jpg 304 [0.00, 127.0.0.1:55889]
[2019-09-08 18:50:38,459] [base.py:93] [base:get_response] [WARNING]- Not Found: /app/admin/add_good/
[2019-09-08 18:50:38,461] [runserver.py:149] [runserver:log_action] [WARNING]- HTTP GET /app/admin/add_good/ 404 [0.01, 127.0.0.1:55889]
[2019-09-08 18:50:41,588] [base.py:93] [base:get_response] [WARNING]- Not Found: /app/admin/add_good/
[2019-09-08 18:50:41,589] [runserver.py:149] [runserver:log_action] [WARNING]- HTTP GET /app/admin/add_good/ 404 [0.01, 127.0.0.1:55889]
[2019-09-08 18:51:41,327] [base.py:93] [base:get_response] [WARNING]- Not Found: /app/admin/add_good/
[2019-09-08 18:51:41,328] [runserver.py:149] [runserver:log_action] [WARNING]- HTTP GET /app/admin/add_good/ 404 [0.02, 127.0.0.1:56892]
[2019-09-08 18:51:48,012] [runserver.py:141] [runserver:log_action] [INFO]- HTTP GET /app/admin/good/ 200 [0.07, 127.0.0.1:56892]
[2019-09-08 18:51:51,188] [runserver.py:141] [runserver:log_action] [INFO]- HTTP GET /app/add_good/ 200 [0.02, 127.0.0.1:56892]
[2019-09-08 19:01:27,273] [runserver.py:141] [runserver:log_action] [INFO]- HTTP GET /app/admin/ 200 [1.93, 127.0.0.1:57010]
[2019-09-08 19:01:43,128] [runserver.py:141] [runserver:log_action] [INFO]- HTTP GET /app/admin/user/ 200 [0.03, 127.0.0.1:57010]
[2019-09-08 19:01:43,142] [runserver.py:145] [runserver:log_action] [INFO]- HTTP GET /static/9.jpg 304 [0.00, 127.0.0.1:57010]
[2019-09-08 19:01:55,585] [runserver.py:141] [runserver:log_action] [INFO]- HTTP GET /app/admin/user/?p1=1 200 [0.03, 127.0.0.1:57010]
[2019-09-08 19:01:57,449] [runserver.py:141] [runserver:log_action] [INFO]- HTTP GET /app/admin/user/?p1=2 200 [0.01, 127.0.0.1:57010]
[2019-09-08 19:01:58,227] [runserver.py:141] [runserver:log_action] [INFO]- HTTP GET /app/admin/user/ 200 [0.02, 127.0.0.1:57010]
[2019-09-08 19:02:00,051] [runserver.py:141] [runserver:log_action] [INFO]- HTTP GET /app/admin/user/?p1=1 200 [0.02, 127.0.0.1:57010]
[2019-09-08 19:02:00,979] [runserver.py:141] [runserver:log_action] [INFO]- HTTP GET /app/admin/user/?p1=2 200 [0.02, 127.0.0.1:57010]
[2019-09-08 19:02:06,667] [runserver.py:141] [runserver:log_action] [INFO]- HTTP GET /app/admin/ 200 [1.66, 127.0.0.1:57010]
[2019-09-08 19:02:08,676] [runserver.py:141] [runserver:log_action] [INFO]- HTTP GET /app/person/ 200 [0.01, 127.0.0.1:57010]
[2019-09-08 19:02:10,500] [runserver.py:147] [runserver:log_action] [INFO]- HTTP GET /app/nologin/ 302 [0.01, 127.0.0.1:57010]
[2019-09-08 19:02:10,509] [runserver.py:141] [runserver:log_action] [INFO]- HTTP GET /app/login/ 200 [0.01, 127.0.0.1:57010]
[2019-09-08 19:02:13,044] [runserver.py:147] [runserver:log_action] [INFO]- HTTP POST /app/login/ 302 [0.02, 127.0.0.1:57010]
[2019-09-08 19:02:14,253] [runserver.py:141] [runserver:log_action] [INFO]- HTTP GET /app/index/ 200 [1.21, 127.0.0.1:57010]
[2019-09-08 19:02:16,187] [runserver.py:141] [runserver:log_action] [INFO]- HTTP GET /app/person/ 200 [0.02, 127.0.0.1:57010]
[2019-09-08 19:02:19,352] [runserver.py:141] [runserver:log_action] [INFO]- HTTP GET /app/superadmin/ 200 [2.08, 127.0.0.1:57010]
[2019-09-08 19:02:20,526] [runserver.py:141] [runserver:log_action] [INFO]- HTTP GET /app/superadmin/user/ 200 [0.01, 127.0.0.1:57010]
[2019-09-08 19:02:23,521] [runserver.py:141] [runserver:log_action] [INFO]- HTTP GET /app/superadmin/user/?p1=2 200 [0.01, 127.0.0.1:57010]
[2019-09-08 19:02:25,091] [runserver.py:141] [runserver:log_action] [INFO]- HTTP GET /app/superadmin/user/?p1=1 200 [0.02, 127.0.0.1:57010]
[2019-09-08 19:02:26,515] [runserver.py:141] [runserver:log_action] [INFO]- HTTP GET /app/superadmin/user/ 200 [0.03, 127.0.0.1:57010]
[2019-09-08 19:02:29,169] [runserver.py:141] [runserver:log_action] [INFO]- HTTP GET /app/superadmin/user/?p1=1 200 [0.01, 127.0.0.1:57010]
[2019-09-08 19:02:29,739] [runserver.py:141] [runserver:log_action] [INFO]- HTTP GET /app/superadmin/user/?p1=2 200 [0.02, 127.0.0.1:57010]
[2019-09-08 19:02:32,256] [runserver.py:141] [runserver:log_action] [INFO]- HTTP GET /app/superadmin/ 200 [1.73, 127.0.0.1:57010]
[2019-09-08 19:02:33,269] [runserver.py:141] [runserver:log_action] [INFO]- HTTP GET /app/superadmin/user/ 200 [0.03, 127.0.0.1:57010]
[2019-09-08 19:02:33,965] [runserver.py:141] [runserver:log_action] [INFO]- HTTP GET /app/superadmin/user/?user=2 200 [0.03, 127.0.0.1:57010]
[2019-09-08 19:02:38,818] [runserver.py:141] [runserver:log_action] [INFO]- HTTP GET /app/superadmin/good/ 200 [0.07, 127.0.0.1:57010]
[2019-09-08 19:02:43,437] [runserver.py:141] [runserver:log_action] [INFO]- HTTP GET /app/superadmin/good/?p1=1 200 [0.06, 127.0.0.1:57010]
[2019-09-08 19:02:45,093] [runserver.py:141] [runserver:log_action] [INFO]- HTTP GET /app/superadmin/good/?p1=2 200 [0.06, 127.0.0.1:57010]
[2019-09-08 19:02:47,583] [runserver.py:141] [runserver:log_action] [INFO]- HTTP GET /app/superadmin/good/ 200 [0.06, 127.0.0.1:57010]
[2019-09-08 19:02:50,620] [runserver.py:141] [runserver:log_action] [INFO]- HTTP GET /app/add_good/ 200 [0.01, 127.0.0.1:57010]
[2019-09-08 19:02:52,436] [base.py:93] [base:get_response] [WARNING]- Not Found: /app/good/
[2019-09-08 19:02:52,438] [runserver.py:149] [runserver:log_action] [WARNING]- HTTP GET /app/good/ 404 [0.01, 127.0.0.1:57010]
[2019-09-08 19:03:24,710] [base.py:93] [base:get_response] [WARNING]- Not Found: /app/good/
[2019-09-08 19:03:24,712] [runserver.py:149] [runserver:log_action] [WARNING]- HTTP GET /app/good/ 404 [0.01, 127.0.0.1:57010]
[2019-09-08 19:03:33,961] [runserver.py:141] [runserver:log_action] [INFO]- HTTP GET /app/superadmin/good/ 200 [0.06, 127.0.0.1:57010]
[2019-09-08 19:04:57,972] [runserver.py:141] [runserver:log_action] [INFO]- HTTP GET /app/superadmin/ 200 [1.75, 127.0.0.1:58158]
[2019-09-08 19:04:59,027] [runserver.py:141] [runserver:log_action] [INFO]- HTTP GET /app/person/ 200 [0.01, 127.0.0.1:58158]
[2019-09-08 19:04:59,987] [runserver.py:147] [runserver:log_action] [INFO]- HTTP GET /app/nologin/ 302 [0.00, 127.0.0.1:58158]
[2019-09-08 19:05:00,000] [runserver.py:141] [runserver:log_action] [INFO]- HTTP GET /app/login/ 200 [0.01, 127.0.0.1:58158]
[2019-09-08 19:05:02,252] [runserver.py:147] [runserver:log_action] [INFO]- HTTP POST /app/login/ 302 [0.02, 127.0.0.1:58158]
[2019-09-08 19:05:03,376] [runserver.py:141] [runserver:log_action] [INFO]- HTTP GET /app/index/ 200 [1.12, 127.0.0.1:58158]
[2019-09-08 19:05:04,629] [runserver.py:141] [runserver:log_action] [INFO]- HTTP GET /app/shoppingcar/ 200 [0.05, 127.0.0.1:58158]
[2019-09-08 19:05:05,230] [runserver.py:141] [runserver:log_action] [INFO]- HTTP GET /app/person/ 200 [0.01, 127.0.0.1:58158]
[2019-09-08 19:05:08,890] [runserver.py:141] [runserver:log_action] [INFO]- HTTP GET /app/admin/ 200 [2.13, 127.0.0.1:58158]
[2019-09-08 19:05:10,041] [runserver.py:141] [runserver:log_action] [INFO]- HTTP GET /app/admin/good/ 200 [0.06, 127.0.0.1:58158]
[2019-09-08 19:05:10,177] [runserver.py:145] [runserver:log_action] [INFO]- HTTP GET /static/9.jpg 304 [0.00, 127.0.0.1:58158]
[2019-09-08 19:05:11,151] [runserver.py:141] [runserver:log_action] [INFO]- HTTP GET /app/admin/add_good/ 200 [0.01, 127.0.0.1:58158]
[2019-09-08 19:05:12,652] [runserver.py:141] [runserver:log_action] [INFO]- HTTP GET /app/admin/good/ 200 [0.06, 127.0.0.1:58158]
[2019-09-08 19:10:09,582] [runserver.py:141] [runserver:log_action] [INFO]- HTTP GET /app/admin/ 200 [2.14, 127.0.0.1:58766]
[2019-09-08 19:10:12,466] [runserver.py:141] [runserver:log_action] [INFO]- HTTP GET /app/person/ 200 [0.02, 127.0.0.1:58766]
[2019-09-08 19:10:13,730] [runserver.py:141] [runserver:log_action] [INFO]- HTTP GET /app/index/ 200 [0.10, 127.0.0.1:58766]
[2019-09-08 19:10:15,255] [runserver.py:141] [runserver:log_action] [INFO]- HTTP GET /app/sort/?p1=4 200 [0.59, 127.0.0.1:58766]
[2019-09-08 19:10:16,462] [runserver.py:141] [runserver:log_action] [INFO]- HTTP GET /app/sort/?p1=3 200 [0.19, 127.0.0.1:58766]
[2019-09-08 19:10:17,357] [runserver.py:141] [runserver:log_action] [INFO]- HTTP GET /app/sort/?p1=6 200 [0.44, 127.0.0.1:58766]
[2019-09-08 19:10:19,040] [runserver.py:141] [runserver:log_action] [INFO]- HTTP GET /app/sort/?p1=5 200 [0.11, 127.0.0.1:59213]
[2019-09-08 19:10:19,695] [runserver.py:141] [runserver:log_action] [INFO]- HTTP GET /app/sort/?p1=6 200 [0.33, 127.0.0.1:59213]
[2019-09-08 19:10:20,101] [runserver.py:141] [runserver:log_action] [INFO]- HTTP GET /app/register/ 200 [0.01, 127.0.0.1:59213]
[2019-09-08 19:10:28,258] [runserver.py:141] [runserver:log_action] [INFO]- HTTP POST /app/register/ 200 [0.01, 127.0.0.1:59213]
[2019-09-08 19:10:32,963] [runserver.py:141] [runserver:log_action] [INFO]- HTTP POST /app/register/ 200 [0.01, 127.0.0.1:59213]
[2019-09-08 19:10:34,555] [runserver.py:141] [runserver:log_action] [INFO]- HTTP POST /app/register/ 200 [0.01, 127.0.0.1:59213]
[2019-09-08 19:10:39,615] [runserver.py:147] [runserver:log_action] [INFO]- HTTP GET /app/login/ 302 [0.00, 127.0.0.1:59213]
[2019-09-08 19:10:39,720] [runserver.py:141] [runserver:log_action] [INFO]- HTTP GET /app/index/ 200 [0.10, 127.0.0.1:59213]
[2019-09-08 19:10:44,067] [runserver.py:147] [runserver:log_action] [INFO]- HTTP GET /app/login/ 302 [0.00, 127.0.0.1:59213]
[2019-09-08 19:10:44,169] [runserver.py:141] [runserver:log_action] [INFO]- HTTP GET /app/index/ 200 [0.10, 127.0.0.1:59213]
[2019-09-08 19:26:35,421] [runserver.py:141] [runserver:log_action] [INFO]- HTTP GET /app/person/ 200 [0.03, 127.0.0.1:59471]
[2019-09-08 19:26:36,703] [runserver.py:147] [runserver:log_action] [INFO]- HTTP GET /app/nologin/ 302 [0.01, 127.0.0.1:59471]
[2019-09-08 19:26:36,717] [runserver.py:141] [runserver:log_action] [INFO]- HTTP GET /app/login/ 200 [0.01, 127.0.0.1:59471]
[2019-09-08 19:26:39,564] [runserver.py:141] [runserver:log_action] [INFO]- HTTP GET /app/index/ 200 [0.02, 127.0.0.1:59471]
[2019-09-08 19:38:50,728] [runserver.py:147] [runserver:log_action] [INFO]- HTTP GET /app/shoppingcar/ 302 [0.01, 127.0.0.1:59546]
[2019-09-08 19:38:50,744] [runserver.py:141] [runserver:log_action] [INFO]- HTTP GET /app/login/ 200 [0.01, 127.0.0.1:59546]
[2019-09-08 19:38:53,195] [runserver.py:147] [runserver:log_action] [INFO]- HTTP POST /app/login/ 302 [0.01, 127.0.0.1:59546]
[2019-09-08 19:38:54,333] [runserver.py:141] [runserver:log_action] [INFO]- HTTP GET /app/index/ 200 [1.14, 127.0.0.1:59546]
[2019-09-08 19:38:55,762] [runserver.py:141] [runserver:log_action] [INFO]- HTTP GET /app/person/ 200 [0.02, 127.0.0.1:59546]
[2019-09-08 19:38:58,887] [runserver.py:141] [runserver:log_action] [INFO]- HTTP GET /app/superadmin/ 200 [2.14, 127.0.0.1:59546]
[2019-09-08 19:38:59,868] [runserver.py:141] [runserver:log_action] [INFO]- HTTP GET /app/superadmin/good/ 200 [0.07, 127.0.0.1:59546]
[2019-09-08 19:39:00,019] [runserver.py:145] [runserver:log_action] [INFO]- HTTP GET /static/9.jpg 304 [0.01, 127.0.0.1:59546]
[2019-09-08 19:39:42,444] [runserver.py:141] [runserver:log_action] [INFO]- HTTP GET /app/superadmin/ 200 [2.39, 127.0.0.1:59546]
[2019-09-08 19:39:43,568] [runserver.py:141] [runserver:log_action] [INFO]- HTTP GET /app/person/ 200 [0.02, 127.0.0.1:59546]
[2019-09-08 19:39:44,881] [runserver.py:141] [runserver:log_action] [INFO]- HTTP GET /app/index/ 200 [0.19, 127.0.0.1:59546]
[2019-09-08 19:39:45,787] [runserver.py:141] [runserver:log_action] [INFO]- HTTP GET /app/goods_info/?id=197 200 [0.08, 127.0.0.1:59546]
[2019-09-08 19:39:45,801] [runserver.py:145] [runserver:log_action] [INFO]- HTTP GET /static/six.jpg 304 [0.00, 127.0.0.1:59546]
[2019-09-08 19:39:55,615] [runserver.py:141] [runserver:log_action] [INFO]- HTTP GET /app/sort/?p1=5 200 [0.19, 127.0.0.1:59546]
[2019-09-08 19:42:30,071] [runserver.py:141] [runserver:log_action] [INFO]- HTTP GET /app/sort/?p1=1 200 [0.65, 127.0.0.1:60177]
[2019-09-08 19:42:31,621] [runserver.py:141] [runserver:log_action] [INFO]- HTTP GET /app/sort/?p1=2 200 [0.37, 127.0.0.1:60177]
[2019-09-08 19:42:33,565] [runserver.py:141] [runserver:log_action] [INFO]- HTTP POST /app/search/ 200 [0.02, 127.0.0.1:60177]
[2019-09-08 19:42:38,033] [runserver.py:141] [runserver:log_action] [INFO]- HTTP POST /app/search/ 200 [0.02, 127.0.0.1:60177]
[2019-09-08 19:42:57,208] [runserver.py:141] [runserver:log_action] [INFO]- HTTP POST /app/search/ 200 [0.01, 127.0.0.1:60177]
[2019-09-08 19:43:30,546] [runserver.py:141] [runserver:log_action] [INFO]- HTTP POST /app/search/ 200 [0.02, 127.0.0.1:60177]
[2019-09-08 19:43:45,161] [runserver.py:141] [runserver:log_action] [INFO]- HTTP POST /app/search/ 200 [0.02, 127.0.0.1:60177]
[2019-09-08 19:43:51,021] [runserver.py:141] [runserver:log_action] [INFO]- HTTP GET /app/index/ 200 [0.18, 127.0.0.1:60177]
[2019-09-08 19:43:55,399] [runserver.py:141] [runserver:log_action] [INFO]- HTTP GET /app/person/ 200 [0.02, 127.0.0.1:60177]
[2019-09-08 19:43:56,884] [runserver.py:141] [runserver:log_action] [INFO]- HTTP GET /app/index/ 200 [0.22, 127.0.0.1:60177]
[2019-09-08 19:43:57,838] [runserver.py:141] [runserver:log_action] [INFO]- HTTP GET /app/shoppingcar/ 200 [0.06, 127.0.0.1:60177]
[2019-09-08 19:43:57,851] [runserver.py:145] [runserver:log_action] [INFO]- HTTP GET /static/six.jpg 304 [0.00, 127.0.0.1:60177]
[2019-09-08 19:43:57,852] [runserver.py:145] [runserver:log_action] [INFO]- HTTP GET /static/five.jpg 304 [0.00, 127.0.0.1:60348]
[2019-09-08 19:44:06,423] [runserver.py:141] [runserver:log_action] [INFO]- HTTP GET /app/person/ 200 [0.01, 127.0.0.1:60348]
[2019-09-08 19:44:07,583] [runserver.py:141] [runserver:log_action] [INFO]- HTTP GET /app/look_history/ 200 [0.11, 127.0.0.1:60348]
[2019-09-08 19:44:07,597] [runserver.py:145] [runserver:log_action] [INFO]- HTTP GET /static/six.jpg 304 [0.00, 127.0.0.1:60348]
[2019-09-08 19:44:33,617] [runserver.py:141] [runserver:log_action] [INFO]- HTTP GET /app/person/ 200 [0.02, 127.0.0.1:60348]
[2019-09-08 19:44:35,097] [runserver.py:141] [runserver:log_action] [INFO]- HTTP GET /app/change/ 200 [0.00, 127.0.0.1:60348]
[2019-09-08 19:44:36,225] [runserver.py:141] [runserver:log_action] [INFO]- HTTP GET /app/person/ 200 [0.01, 127.0.0.1:60348]
[2019-09-08 19:44:36,971] [runserver.py:141] [runserver:log_action] [INFO]- HTTP GET /app/money/ 200 [0.01, 127.0.0.1:60348]
[2019-09-08 19:44:36,981] [runserver.py:145] [runserver:log_action] [INFO]- HTTP GET /static/7.jpg 304 [0.00, 127.0.0.1:60348]
[2019-09-08 19:44:39,287] [runserver.py:141] [runserver:log_action] [INFO]- HTTP GET /app/person/ 200 [0.01, 127.0.0.1:60348]
[2019-09-08 19:44:40,986] [runserver.py:141] [runserver:log_action] [INFO]- HTTP GET /app/index/ 200 [0.19, 127.0.0.1:60348]
[2019-09-08 19:44:42,034] [runserver.py:141] [runserver:log_action] [INFO]- HTTP GET /app/goods_info/?id=197 200 [0.10, 127.0.0.1:60348]
[2019-09-08 19:44:42,047] [runserver.py:145] [runserver:log_action] [INFO]- HTTP GET /static/six.jpg 304 [0.00, 127.0.0.1:60348]
[2019-09-08 19:44:49,157] [runserver.py:141] [runserver:log_action] [INFO]- HTTP GET /app/sort/?p1=6 200 [0.30, 127.0.0.1:60348]
[2019-09-08 19:44:50,991] [runserver.py:141] [runserver:log_action] [INFO]- HTTP GET /app/sort/?p1=5 200 [0.18, 127.0.0.1:60348]
[2019-09-08 19:44:51,857] [runserver.py:141] [runserver:log_action] [INFO]- HTTP GET /app/sort/?p1=4 200 [0.45, 127.0.0.1:60348]
[2019-09-08 19:44:52,421] [runserver.py:141] [runserver:log_action] [INFO]- HTTP GET /app/shoppingcar/ 200 [0.04, 127.0.0.1:60348]
[2019-09-08 19:44:52,436] [runserver.py:145] [runserver:log_action] [INFO]- HTTP GET /static/six.jpg 304 [0.00, 127.0.0.1:60348]
[2019-09-08 19:44:52,441] [runserver.py:145] [runserver:log_action] [INFO]- HTTP GET /static/five.jpg 304 [0.01, 127.0.0.1:60177]
[2019-09-08 19:44:54,349] [runserver.py:141] [runserver:log_action] [INFO]- HTTP GET /app/person/ 200 [0.03, 127.0.0.1:60177]
[2019-09-08 19:44:58,503] [runserver.py:141] [runserver:log_action] [INFO]- HTTP GET /app/superadmin/ 200 [2.28, 127.0.0.1:60177]
[2019-09-08 19:45:00,017] [runserver.py:141] [runserver:log_action] [INFO]- HTTP GET /app/superadmin/user/ 200 [0.03, 127.0.0.1:60177]
[2019-09-08 19:45:01,481] [runserver.py:141] [runserver:log_action] [INFO]- HTTP GET /app/superadmin/user/?p1=2 200 [0.02, 127.0.0.1:60177]
[2019-09-08 19:45:04,315] [runserver.py:141] [runserver:log_action] [INFO]- HTTP GET /app/superadmin/ 200 [2.05, 127.0.0.1:60177]
[2019-09-08 19:45:05,393] [runserver.py:141] [runserver:log_action] [INFO]- HTTP GET /app/superadmin/good/ 200 [0.05, 127.0.0.1:60177]
[2019-09-08 20:10:58,164] [base.py:93] [base:get_response] [WARNING]- Not Found: /
[2019-09-08 20:10:58,166] [runserver.py:149] [runserver:log_action] [WARNING]- HTTP GET / 404 [0.04, 127.0.0.1:62055]
[2019-09-08 20:10:58,214] [base.py:93] [base:get_response] [WARNING]- Not Found: /favicon.ico
[2019-09-08 20:10:58,221] [runserver.py:149] [runserver:log_action] [WARNING]- HTTP GET /favicon.ico 404 [0.01, 127.0.0.1:62055]
[2019-09-08 20:28:40,992] [runserver.py:141] [runserver:log_action] [INFO]- HTTP GET /app/index/ 200 [1.17, 127.0.0.1:62181]
[2019-09-08 20:28:41,030] [runserver.py:145] [runserver:log_action] [INFO]- HTTP GET /static/9.jpg 304 [0.01, 127.0.0.1:62181]
[2019-09-08 20:28:44,299] [runserver.py:141] [runserver:log_action] [INFO]- HTTP GET /app/index/?pindex=2 200 [0.20, 127.0.0.1:62181]
[2019-09-08 20:28:47,550] [runserver.py:141] [runserver:log_action] [INFO]- HTTP GET /app/index/?pindex=11 200 [0.15, 127.0.0.1:62181]
[2019-09-08 20:28:51,326] [runserver.py:141] [runserver:log_action] [INFO]- HTTP GET /app/index/?pindex=7 200 [0.17, 127.0.0.1:62181]
[2019-09-08 22:40:07,920] [base.py:93] [base:get_response] [WARNING]- Not Found: /
[2019-09-08 22:40:07,929] [runserver.py:149] [runserver:log_action] [WARNING]- HTTP GET / 404 [0.07, 127.0.0.1:63953]
[2019-09-08 22:40:08,247] [base.py:93] [base:get_response] [WARNING]- Not Found: /favicon.ico
[2019-09-08 22:40:08,267] [runserver.py:149] [runserver:log_action] [WARNING]- HTTP GET /favicon.ico 404 [0.02, 127.0.0.1:63953]
[2019-09-08 22:40:13,070] [runserver.py:141] [runserver:log_action] [INFO]- HTTP GET /app/index/ 200 [1.13, 127.0.0.1:63953]
[2019-09-08 22:40:13,175] [runserver.py:145] [runserver:log_action] [INFO]- HTTP GET /static/9.jpg 304 [0.04, 127.0.0.1:63953]
[2019-09-08 22:40:15,048] [runserver.py:141] [runserver:log_action] [INFO]- HTTP GET /app/chat/ 200 [0.01, 127.0.0.1:63953]
[2019-09-08 22:40:15,068] [runserver.py:162] [runserver:log_action] [INFO]- WebSocket HANDSHAKING /ws/chat/test [127.0.0.1:63983]
[2019-09-08 22:40:15,124] [runserver.py:158] [runserver:log_action] [INFO]- WebSocket CONNECT /ws/chat/test [127.0.0.1:63983]
